DEBUG main net.sf.ehcache.config.ConfigurationHelper - No BootstrapCacheLoaderFactory class specified. Skipping...
DEBUG main net.sf.ehcache.config.ConfigurationHelper - No BootstrapCacheLoaderFactory class specified. Skipping...
DEBUG main net.sf.ehcache.store.MemoryStore - Initialized net.sf.ehcache.store.LruMemoryStore for edu.internet2.middleware.grouper.MembershipFinder.FindMembershipByType
DEBUG main net.sf.ehcache.store.LruMemoryStore - edu.internet2.middleware.grouper.MembershipFinder.FindMembershipByType Cache: Using SpoolingLinkedHashMap implementation
DEBUG main net.sf.ehcache.Cache - Initialised cache: edu.internet2.middleware.grouper.MembershipFinder.FindMembershipByType
DEBUG main net.sf.ehcache.store.MemoryStore - Initialized net.sf.ehcache.store.LruMemoryStore for edu.internet2.middleware.grouper.Member
DEBUG main net.sf.ehcache.store.LruMemoryStore - edu.internet2.middleware.grouper.Member Cache: Using SpoolingLinkedHashMap implementation
DEBUG main net.sf.ehcache.Cache - Initialised cache: edu.internet2.middleware.grouper.Member
DEBUG main net.sf.ehcache.store.MemoryStore - Initialized net.sf.ehcache.store.LruMemoryStore for edu.internet2.middleware.grouper.StemFinder.FindByCreatedAfter
DEBUG main net.sf.ehcache.store.LruMemoryStore - edu.internet2.middleware.grouper.StemFinder.FindByCreatedAfter Cache: Using SpoolingLinkedHashMap implementation
DEBUG main net.sf.ehcache.Cache - Initialised cache: edu.internet2.middleware.grouper.StemFinder.FindByCreatedAfter
DEBUG main net.sf.ehcache.store.MemoryStore - Initialized net.sf.ehcache.store.LruMemoryStore for edu.internet2.middleware.grouper.Membership
DEBUG main net.sf.ehcache.store.LruMemoryStore - edu.internet2.middleware.grouper.Membership Cache: Using SpoolingLinkedHashMap implementation
DEBUG main net.sf.ehcache.Cache - Initialised cache: edu.internet2.middleware.grouper.Membership
DEBUG main net.sf.ehcache.store.MemoryStore - Initialized net.sf.ehcache.store.LruMemoryStore for edu.internet2.middleware.grouper.StemFinder.FindByApproximateDisplayExtension
DEBUG main net.sf.ehcache.store.LruMemoryStore - edu.internet2.middleware.grouper.StemFinder.FindByApproximateDisplayExtension Cache: Using SpoolingLinkedHashMap implementation
DEBUG main net.sf.ehcache.Cache - Initialised cache: edu.internet2.middleware.grouper.StemFinder.FindByApproximateDisplayExtension
DEBUG main net.sf.ehcache.store.MemoryStore - Initialized net.sf.ehcache.store.LruMemoryStore for edu.internet2.middleware.grouper.MembershipFinder.FindChildMemberships
DEBUG main net.sf.ehcache.store.LruMemoryStore - edu.internet2.middleware.grouper.MembershipFinder.FindChildMemberships Cache: Using SpoolingLinkedHashMap implementation
DEBUG main net.sf.ehcache.Cache - Initialised cache: edu.internet2.middleware.grouper.MembershipFinder.FindChildMemberships
DEBUG main net.sf.ehcache.store.MemoryStore - Initialized net.sf.ehcache.store.LruMemoryStore for edu.internet2.middleware.grouper.StemFinder.FindByCreatedBefore
DEBUG main net.sf.ehcache.store.LruMemoryStore - edu.internet2.middleware.grouper.StemFinder.FindByCreatedBefore Cache: Using SpoolingLinkedHashMap implementation
DEBUG main net.sf.ehcache.Cache - Initialised cache: edu.internet2.middleware.grouper.StemFinder.FindByCreatedBefore
DEBUG main net.sf.ehcache.store.MemoryStore - Initialized net.sf.ehcache.store.LruMemoryStore for edu.internet2.middleware.grouper.GroupTypeFinder.FindAll
DEBUG main net.sf.ehcache.store.LruMemoryStore - edu.internet2.middleware.grouper.GroupTypeFinder.FindAll Cache: Using SpoolingLinkedHashMap implementation
DEBUG main net.sf.ehcache.Cache - Initialised cache: edu.internet2.middleware.grouper.GroupTypeFinder.FindAll
DEBUG main net.sf.ehcache.store.MemoryStore - Initialized net.sf.ehcache.store.LruMemoryStore for edu.internet2.middleware.grouper.MembershipFinder.FindMemberships
DEBUG main net.sf.ehcache.store.LruMemoryStore - edu.internet2.middleware.grouper.MembershipFinder.FindMemberships Cache: Using SpoolingLinkedHashMap implementation
DEBUG main net.sf.ehcache.Cache - Initialised cache: edu.internet2.middleware.grouper.MembershipFinder.FindMemberships
DEBUG main net.sf.ehcache.store.MemoryStore - Initialized net.sf.ehcache.store.LruMemoryStore for edu.internet2.middleware.grouper.Group
DEBUG main net.sf.ehcache.store.LruMemoryStore - edu.internet2.middleware.grouper.Group Cache: Using SpoolingLinkedHashMap implementation
DEBUG main net.sf.ehcache.Cache - Initialised cache: edu.internet2.middleware.grouper.Group
DEBUG main net.sf.ehcache.store.MemoryStore - Initialized net.sf.ehcache.store.LruMemoryStore for edu.internet2.middleware.grouper.Attribute
DEBUG main net.sf.ehcache.store.LruMemoryStore - edu.internet2.middleware.grouper.Attribute Cache: Using SpoolingLinkedHashMap implementation
DEBUG main net.sf.ehcache.Cache - Initialised cache: edu.internet2.middleware.grouper.Attribute
DEBUG main net.sf.ehcache.store.MemoryStore - Initialized net.sf.ehcache.store.LruMemoryStore for edu.internet2.middleware.grouper.GroupFinder.FindByCreatedBefore
DEBUG main net.sf.ehcache.store.LruMemoryStore - edu.internet2.middleware.grouper.GroupFinder.FindByCreatedBefore Cache: Using SpoolingLinkedHashMap implementation
DEBUG main net.sf.ehcache.Cache - Initialised cache: edu.internet2.middleware.grouper.GroupFinder.FindByCreatedBefore
DEBUG main net.sf.ehcache.store.MemoryStore - Initialized net.sf.ehcache.store.LruMemoryStore for edu.internet2.middleware.grouper.FieldFinder.FindAllByType
DEBUG main net.sf.ehcache.store.LruMemoryStore - edu.internet2.middleware.grouper.FieldFinder.FindAllByType Cache: Using SpoolingLinkedHashMap implementation
DEBUG main net.sf.ehcache.Cache - Initialised cache: edu.internet2.middleware.grouper.FieldFinder.FindAllByType
DEBUG main net.sf.ehcache.store.MemoryStore - Initialized net.sf.ehcache.store.LruMemoryStore for edu.internet2.middleware.grouper.MembershipFinder.FindImmediateMembershipsOwner
DEBUG main net.sf.ehcache.store.LruMemoryStore - edu.internet2.middleware.grouper.MembershipFinder.FindImmediateMembershipsOwner Cache: Using SpoolingLinkedHashMap implementation
DEBUG main net.sf.ehcache.Cache - Initialised cache: edu.internet2.middleware.grouper.MembershipFinder.FindImmediateMembershipsOwner
DEBUG main net.sf.ehcache.store.MemoryStore - Initialized net.sf.ehcache.store.LruMemoryStore for edu.internet2.middleware.grouper.GroupType
DEBUG main net.sf.ehcache.store.LruMemoryStore - edu.internet2.middleware.grouper.GroupType Cache: Using SpoolingLinkedHashMap implementation
DEBUG main net.sf.ehcache.Cache - Initialised cache: edu.internet2.middleware.grouper.GroupType
DEBUG main net.sf.ehcache.store.MemoryStore - Initialized net.sf.ehcache.store.LruMemoryStore for edu.internet2.middleware.grouper.MembershipFinder.FindEffectiveMemberships
DEBUG main net.sf.ehcache.store.LruMemoryStore - edu.internet2.middleware.grouper.MembershipFinder.FindEffectiveMemberships Cache: Using SpoolingLinkedHashMap implementation
DEBUG main net.sf.ehcache.Cache - Initialised cache: edu.internet2.middleware.grouper.MembershipFinder.FindEffectiveMemberships
DEBUG main net.sf.ehcache.store.MemoryStore - Initialized net.sf.ehcache.store.LruMemoryStore for edu.internet2.middleware.grouper.StemFinder.FindByApproximateName
DEBUG main net.sf.ehcache.store.LruMemoryStore - edu.internet2.middleware.grouper.StemFinder.FindByApproximateName Cache: Using SpoolingLinkedHashMap implementation
DEBUG main net.sf.ehcache.Cache - Initialised cache: edu.internet2.middleware.grouper.StemFinder.FindByApproximateName
DEBUG main net.sf.ehcache.store.MemoryStore - Initialized net.sf.ehcache.store.LruMemoryStore for edu.internet2.middleware.grouper.MemberFinder.FindByUuid
DEBUG main net.sf.ehcache.store.LruMemoryStore - edu.internet2.middleware.grouper.MemberFinder.FindByUuid Cache: Using SpoolingLinkedHashMap implementation
DEBUG main net.sf.ehcache.Cache - Initialised cache: edu.internet2.middleware.grouper.MemberFinder.FindByUuid
DEBUG main net.sf.ehcache.store.MemoryStore - Initialized net.sf.ehcache.store.LruMemoryStore for edu.internet2.middleware.grouper.GroupFinder.FindByCreatedAfter
DEBUG main net.sf.ehcache.store.LruMemoryStore - edu.internet2.middleware.grouper.GroupFinder.FindByCreatedAfter Cache: Using SpoolingLinkedHashMap implementation
DEBUG main net.sf.ehcache.Cache - Initialised cache: edu.internet2.middleware.grouper.GroupFinder.FindByCreatedAfter
DEBUG main net.sf.ehcache.store.MemoryStore - Initialized net.sf.ehcache.store.LruMemoryStore for edu.internet2.middleware.grouper.MembershipFinder.FindImmediateMembershipsMember
DEBUG main net.sf.ehcache.store.LruMemoryStore - edu.internet2.middleware.grouper.MembershipFinder.FindImmediateMembershipsMember Cache: Using SpoolingLinkedHashMap implementation
DEBUG main net.sf.ehcache.Cache - Initialised cache: edu.internet2.middleware.grouper.MembershipFinder.FindImmediateMembershipsMember
DEBUG main net.sf.ehcache.store.MemoryStore - Initialized net.sf.ehcache.store.LruMemoryStore for edu.internet2.middleware.grouper.GroupFinder.FindByApproximateAttr
DEBUG main net.sf.ehcache.store.LruMemoryStore - edu.internet2.middleware.grouper.GroupFinder.FindByApproximateAttr Cache: Using SpoolingLinkedHashMap implementation
DEBUG main net.sf.ehcache.Cache - Initialised cache: edu.internet2.middleware.grouper.GroupFinder.FindByApproximateAttr
DEBUG main net.sf.ehcache.store.MemoryStore - Initialized net.sf.ehcache.store.LruMemoryStore for edu.internet2.middleware.grouper.HibernateSubject
DEBUG main net.sf.ehcache.store.LruMemoryStore - edu.internet2.middleware.grouper.HibernateSubject Cache: Using SpoolingLinkedHashMap implementation
DEBUG main net.sf.ehcache.Cache - Initialised cache: edu.internet2.middleware.grouper.HibernateSubject
DEBUG main net.sf.ehcache.store.MemoryStore - Initialized net.sf.ehcache.store.LruMemoryStore for edu.internet2.middleware.grouper.GroupFinder.FindByModifiedAfter
DEBUG main net.sf.ehcache.store.LruMemoryStore - edu.internet2.middleware.grouper.GroupFinder.FindByModifiedAfter Cache: Using SpoolingLinkedHashMap implementation
DEBUG main net.sf.ehcache.Cache - Initialised cache: edu.internet2.middleware.grouper.GroupFinder.FindByModifiedAfter
DEBUG main net.sf.ehcache.store.MemoryStore - Initialized net.sf.ehcache.store.LruMemoryStore for edu.internet2.middleware.grouper.CompositeFinder.IsFactor
DEBUG main net.sf.ehcache.store.LruMemoryStore - edu.internet2.middleware.grouper.CompositeFinder.IsFactor Cache: Using SpoolingLinkedHashMap implementation
DEBUG main net.sf.ehcache.Cache - Initialised cache: edu.internet2.middleware.grouper.CompositeFinder.IsFactor
DEBUG main net.sf.ehcache.store.MemoryStore - Initialized net.sf.ehcache.store.LruMemoryStore for edu.internet2.middleware.grouper.GroupFinder.FindByModifiedBefore
DEBUG main net.sf.ehcache.store.LruMemoryStore - edu.internet2.middleware.grouper.GroupFinder.FindByModifiedBefore Cache: Using SpoolingLinkedHashMap implementation
DEBUG main net.sf.ehcache.Cache - Initialised cache: edu.internet2.middleware.grouper.GroupFinder.FindByModifiedBefore
DEBUG main net.sf.ehcache.store.MemoryStore - Initialized net.sf.ehcache.store.LruMemoryStore for edu.internet2.middleware.grouper.MembershipFinder.FindByCreatedAfter
DEBUG main net.sf.ehcache.store.LruMemoryStore - edu.internet2.middleware.grouper.MembershipFinder.FindByCreatedAfter Cache: Using SpoolingLinkedHashMap implementation
DEBUG main net.sf.ehcache.Cache - Initialised cache: edu.internet2.middleware.grouper.MembershipFinder.FindByCreatedAfter
DEBUG main net.sf.ehcache.store.MemoryStore - Initialized net.sf.ehcache.store.LruMemoryStore for edu.internet2.middleware.grouper.StemFinder.FindByUuid
DEBUG main net.sf.ehcache.store.LruMemoryStore - edu.internet2.middleware.grouper.StemFinder.FindByUuid Cache: Using SpoolingLinkedHashMap implementation
DEBUG main net.sf.ehcache.Cache - Initialised cache: edu.internet2.middleware.grouper.StemFinder.FindByUuid
DEBUG main net.sf.ehcache.store.MemoryStore - Initialized net.sf.ehcache.store.LruMemoryStore for edu.internet2.middleware.grouper.Factor
DEBUG main net.sf.ehcache.store.LruMemoryStore - edu.internet2.middleware.grouper.Factor Cache: Using SpoolingLinkedHashMap implementation
DEBUG main net.sf.ehcache.Cache - Initialised cache: edu.internet2.middleware.grouper.Factor
DEBUG main net.sf.ehcache.store.MemoryStore - Initialized net.sf.ehcache.store.LruMemoryStore for edu.internet2.middleware.grouper.MembershipFinder.FindEffectiveMembershipsOwnerMember
DEBUG main net.sf.ehcache.store.LruMemoryStore - edu.internet2.middleware.grouper.MembershipFinder.FindEffectiveMembershipsOwnerMember Cache: Using SpoolingLinkedHashMap implementation
DEBUG main net.sf.ehcache.Cache - Initialised cache: edu.internet2.middleware.grouper.MembershipFinder.FindEffectiveMembershipsOwnerMember
DEBUG main net.sf.ehcache.store.MemoryStore - Initialized net.sf.ehcache.store.LruMemoryStore for edu.internet2.middleware.grouper.StemFinder.FindByApproximateExtension
DEBUG main net.sf.ehcache.store.LruMemoryStore - edu.internet2.middleware.grouper.StemFinder.FindByApproximateExtension Cache: Using SpoolingLinkedHashMap implementation
DEBUG main net.sf.ehcache.Cache - Initialised cache: edu.internet2.middleware.grouper.StemFinder.FindByApproximateExtension
DEBUG main net.sf.ehcache.store.MemoryStore - Initialized net.sf.ehcache.store.LruMemoryStore for edu.internet2.middleware.grouper.GroupFinder.FindByName
DEBUG main net.sf.ehcache.store.LruMemoryStore - edu.internet2.middleware.grouper.GroupFinder.FindByName Cache: Using SpoolingLinkedHashMap implementation
DEBUG main net.sf.ehcache.Cache - Initialised cache: edu.internet2.middleware.grouper.GroupFinder.FindByName
DEBUG main net.sf.ehcache.store.MemoryStore - Initialized net.sf.ehcache.store.LruMemoryStore for edu.internet2.middleware.grouper.MembershipFinder.FindAllMemberships
DEBUG main net.sf.ehcache.store.LruMemoryStore - edu.internet2.middleware.grouper.MembershipFinder.FindAllMemberships Cache: Using SpoolingLinkedHashMap implementation
DEBUG main net.sf.ehcache.Cache - Initialised cache: edu.internet2.middleware.grouper.MembershipFinder.FindAllMemberships
DEBUG main net.sf.ehcache.store.MemoryStore - Initialized net.sf.ehcache.store.LruMemoryStore for edu.internet2.middleware.grouper.StemFinder.FindByApproximateDisplayName
DEBUG main net.sf.ehcache.store.LruMemoryStore - edu.internet2.middleware.grouper.StemFinder.FindByApproximateDisplayName Cache: Using SpoolingLinkedHashMap implementation
DEBUG main net.sf.ehcache.Cache - Initialised cache: edu.internet2.middleware.grouper.StemFinder.FindByApproximateDisplayName
DEBUG main net.sf.ehcache.store.MemoryStore - Initialized net.sf.ehcache.store.LruMemoryStore for edu.internet2.middleware.grouper.FieldFinder.FindAll
DEBUG main net.sf.ehcache.store.LruMemoryStore - edu.internet2.middleware.grouper.FieldFinder.FindAll Cache: Using SpoolingLinkedHashMap implementation
DEBUG main net.sf.ehcache.Cache - Initialised cache: edu.internet2.middleware.grouper.FieldFinder.FindAll
DEBUG main net.sf.ehcache.store.MemoryStore - Initialized net.sf.ehcache.store.LruMemoryStore for edu.internet2.middleware.grouper.Stem
DEBUG main net.sf.ehcache.store.LruMemoryStore - edu.internet2.middleware.grouper.Stem Cache: Using SpoolingLinkedHashMap implementation
DEBUG main net.sf.ehcache.Cache - Initialised cache: edu.internet2.middleware.grouper.Stem
DEBUG main net.sf.ehcache.store.DiskStore - Deleting data file net.sf.hibernate.cache.UpdateTimestampsCache.data
DEBUG main net.sf.ehcache.store.MemoryStore - Initialized net.sf.ehcache.store.LruMemoryStore for net.sf.hibernate.cache.UpdateTimestampsCache
DEBUG main net.sf.ehcache.store.LruMemoryStore - net.sf.hibernate.cache.UpdateTimestampsCache Cache: Using SpoolingLinkedHashMap implementation
DEBUG main net.sf.ehcache.Cache - Initialised cache: net.sf.hibernate.cache.UpdateTimestampsCache
DEBUG main net.sf.ehcache.store.MemoryStore - Initialized net.sf.ehcache.store.LruMemoryStore for edu.internet2.middleware.grouper.MembershipFinder.FindEffectiveMembershipsMember
DEBUG main net.sf.ehcache.store.LruMemoryStore - edu.internet2.middleware.grouper.MembershipFinder.FindEffectiveMembershipsMember Cache: Using SpoolingLinkedHashMap implementation
DEBUG main net.sf.ehcache.Cache - Initialised cache: edu.internet2.middleware.grouper.MembershipFinder.FindEffectiveMembershipsMember
DEBUG main net.sf.ehcache.store.MemoryStore - Initialized net.sf.ehcache.store.LruMemoryStore for edu.internet2.middleware.grouper.StemFinder.FindByName
DEBUG main net.sf.ehcache.store.LruMemoryStore - edu.internet2.middleware.grouper.StemFinder.FindByName Cache: Using SpoolingLinkedHashMap implementation
DEBUG main net.sf.ehcache.Cache - Initialised cache: edu.internet2.middleware.grouper.StemFinder.FindByName
DEBUG main net.sf.ehcache.store.MemoryStore - Initialized net.sf.ehcache.store.LruMemoryStore for edu.internet2.middleware.grouper.HibernateSubjectAttribute
DEBUG main net.sf.ehcache.store.LruMemoryStore - edu.internet2.middleware.grouper.HibernateSubjectAttribute Cache: Using SpoolingLinkedHashMap implementation
DEBUG main net.sf.ehcache.Cache - Initialised cache: edu.internet2.middleware.grouper.HibernateSubjectAttribute
DEBUG main net.sf.ehcache.store.MemoryStore - Initialized net.sf.ehcache.store.LruMemoryStore for net.sf.hibernate.cache.StandardQueryCache
DEBUG main net.sf.ehcache.store.LruMemoryStore - net.sf.hibernate.cache.StandardQueryCache Cache: Using SpoolingLinkedHashMap implementation
DEBUG main net.sf.ehcache.Cache - Initialised cache: net.sf.hibernate.cache.StandardQueryCache
DEBUG main net.sf.ehcache.store.MemoryStore - Initialized net.sf.ehcache.store.LruMemoryStore for edu.internet2.middleware.grouper.MembershipFinder.FindMembershipsOwner
DEBUG main net.sf.ehcache.store.LruMemoryStore - edu.internet2.middleware.grouper.MembershipFinder.FindMembershipsOwner Cache: Using SpoolingLinkedHashMap implementation
DEBUG main net.sf.ehcache.Cache - Initialised cache: edu.internet2.middleware.grouper.MembershipFinder.FindMembershipsOwner
DEBUG main net.sf.ehcache.store.MemoryStore - Initialized net.sf.ehcache.store.LruMemoryStore for edu.internet2.middleware.grouper.StemFinder.FindByApproximateNameAny
DEBUG main net.sf.ehcache.store.LruMemoryStore - edu.internet2.middleware.grouper.StemFinder.FindByApproximateNameAny Cache: Using SpoolingLinkedHashMap implementation
DEBUG main net.sf.ehcache.Cache - Initialised cache: edu.internet2.middleware.grouper.StemFinder.FindByApproximateNameAny
DEBUG main net.sf.ehcache.store.MemoryStore - Initialized net.sf.ehcache.store.LruMemoryStore for edu.internet2.middleware.grouper.CompositeFinder.IsOwner
DEBUG main net.sf.ehcache.store.LruMemoryStore - edu.internet2.middleware.grouper.CompositeFinder.IsOwner Cache: Using SpoolingLinkedHashMap implementation
DEBUG main net.sf.ehcache.Cache - Initialised cache: edu.internet2.middleware.grouper.CompositeFinder.IsOwner
DEBUG main net.sf.ehcache.store.MemoryStore - Initialized net.sf.ehcache.store.LruMemoryStore for edu.internet2.middleware.grouper.MembershipFinder.FindMembershipsOwnerMember
DEBUG main net.sf.ehcache.store.LruMemoryStore - edu.internet2.middleware.grouper.MembershipFinder.FindMembershipsOwnerMember Cache: Using SpoolingLinkedHashMap implementation
DEBUG main net.sf.ehcache.Cache - Initialised cache: edu.internet2.middleware.grouper.MembershipFinder.FindMembershipsOwnerMember
DEBUG main net.sf.ehcache.store.MemoryStore - Initialized net.sf.ehcache.store.LruMemoryStore for edu.internet2.middleware.grouper.GrouperSession
DEBUG main net.sf.ehcache.store.LruMemoryStore - edu.internet2.middleware.grouper.GrouperSession Cache: Using SpoolingLinkedHashMap implementation
DEBUG main net.sf.ehcache.Cache - Initialised cache: edu.internet2.middleware.grouper.GrouperSession
DEBUG main net.sf.ehcache.store.MemoryStore - Initialized net.sf.ehcache.store.LruMemoryStore for edu.internet2.middleware.grouper.MembershipFinder.FindByUuid
DEBUG main net.sf.ehcache.store.LruMemoryStore - edu.internet2.middleware.grouper.MembershipFinder.FindByUuid Cache: Using SpoolingLinkedHashMap implementation
DEBUG main net.sf.ehcache.Cache - Initialised cache: edu.internet2.middleware.grouper.MembershipFinder.FindByUuid
DEBUG main net.sf.ehcache.store.MemoryStore - Initialized net.sf.ehcache.store.LruMemoryStore for edu.internet2.middleware.grouper.MembershipFinder.FindByCreatedBefore
DEBUG main net.sf.ehcache.store.LruMemoryStore - edu.internet2.middleware.grouper.MembershipFinder.FindByCreatedBefore Cache: Using SpoolingLinkedHashMap implementation
DEBUG main net.sf.ehcache.Cache - Initialised cache: edu.internet2.middleware.grouper.MembershipFinder.FindByCreatedBefore
DEBUG main net.sf.ehcache.store.MemoryStore - Initialized net.sf.ehcache.store.LruMemoryStore for edu.internet2.middleware.grouper.Field
DEBUG main net.sf.ehcache.store.LruMemoryStore - edu.internet2.middleware.grouper.Field Cache: Using SpoolingLinkedHashMap implementation
DEBUG main net.sf.ehcache.Cache - Initialised cache: edu.internet2.middleware.grouper.Field
DEBUG main net.sf.ehcache.store.MemoryStore - Initialized net.sf.ehcache.store.LruMemoryStore for edu.internet2.middleware.grouper.GroupFinder.FindByAnyApproximateAttr
DEBUG main net.sf.ehcache.store.LruMemoryStore - edu.internet2.middleware.grouper.GroupFinder.FindByAnyApproximateAttr Cache: Using SpoolingLinkedHashMap implementation
DEBUG main net.sf.ehcache.Cache - Initialised cache: edu.internet2.middleware.grouper.GroupFinder.FindByAnyApproximateAttr
DEBUG main net.sf.ehcache.store.MemoryStore - Initialized net.sf.ehcache.store.LruMemoryStore for edu.internet2.middleware.grouper.MemberFinder.FindBySubject
DEBUG main net.sf.ehcache.store.LruMemoryStore - edu.internet2.middleware.grouper.MemberFinder.FindBySubject Cache: Using SpoolingLinkedHashMap implementation
DEBUG main net.sf.ehcache.Cache - Initialised cache: edu.internet2.middleware.grouper.MemberFinder.FindBySubject
DEBUG main net.sf.ehcache.store.MemoryStore - Initialized net.sf.ehcache.store.LruMemoryStore for edu.internet2.middleware.grouper.MembershipFinder.FindMembershipsByType
DEBUG main net.sf.ehcache.store.LruMemoryStore - edu.internet2.middleware.grouper.MembershipFinder.FindMembershipsByType Cache: Using SpoolingLinkedHashMap implementation
DEBUG main net.sf.ehcache.Cache - Initialised cache: edu.internet2.middleware.grouper.MembershipFinder.FindMembershipsByType
DEBUG main net.sf.ehcache.store.MemoryStore - Initialized net.sf.ehcache.store.LruMemoryStore for edu.internet2.middleware.grouper.GroupFinder.FindByUuid
DEBUG main net.sf.ehcache.store.LruMemoryStore - edu.internet2.middleware.grouper.GroupFinder.FindByUuid Cache: Using SpoolingLinkedHashMap implementation
DEBUG main net.sf.ehcache.Cache - Initialised cache: edu.internet2.middleware.grouper.GroupFinder.FindByUuid
DEBUG main net.sf.ehcache.store.MemoryStore - Initialized net.sf.ehcache.store.LruMemoryStore for edu.internet2.middleware.grouper.GroupFinder.FindByApproximateName
DEBUG main net.sf.ehcache.store.LruMemoryStore - edu.internet2.middleware.grouper.GroupFinder.FindByApproximateName Cache: Using SpoolingLinkedHashMap implementation
DEBUG main net.sf.ehcache.Cache - Initialised cache: edu.internet2.middleware.grouper.GroupFinder.FindByApproximateName
DEBUG main net.sf.ehcache.store.DiskStore - Deleting data file 727.9869725514313.data
DEBUG main net.sf.ehcache.store.MemoryStore - Initialized net.sf.ehcache.store.LruMemoryStore for 727.9869725514313
DEBUG main net.sf.ehcache.store.LruMemoryStore - 727.9869725514313 Cache: Using SpoolingLinkedHashMap implementation
DEBUG main net.sf.ehcache.Cache - Initialised cache: 727.9869725514313
DEBUG main net.sf.ehcache.store.DiskStore - Deleting data file 24.8164798150744.data
DEBUG main net.sf.ehcache.store.MemoryStore - Initialized net.sf.ehcache.store.LruMemoryStore for 24.8164798150744
DEBUG main net.sf.ehcache.store.LruMemoryStore - 24.8164798150744 Cache: Using SpoolingLinkedHashMap implementation
DEBUG main net.sf.ehcache.Cache - Initialised cache: 24.8164798150744
DEBUG main org.siberia.utilities.io.IOUtilities - copy from stream java.io.FileInputStream@1fbe226 to /mnt/projects/test_repository/siberia/siberia-actions/0.0.1/siberia-actions-0.0.1.sbp with buffer (524288)
DEBUG main org.siberia.utilities.io.IOUtilities - bytes available : 14239
ERROR main org.siberia.utilities.cache.GenericCache2 - resource 'ehcache.xml' could not be found
DEBUG main net.sf.ehcache.CacheManager - Creating new CacheManager with default config
DEBUG main net.sf.ehcache.CacheManager - Configuring ehcache from classpath.
DEBUG main net.sf.ehcache.config.ConfigurationFactory - Configuring ehcache from ehcache.xml found in the classpath: jar:file:/mnt/projects/.m2/repository/org/siberia/siberia-utilities/0.0.1/siberia-utilities-0.0.1.jar!/ehcache.xml
DEBUG main net.sf.ehcache.config.ConfigurationFactory - Configuring ehcache from URL: jar:file:/mnt/projects/.m2/repository/org/siberia/siberia-utilities/0.0.1/siberia-utilities-0.0.1.jar!/ehcache.xml
DEBUG main net.sf.ehcache.config.ConfigurationFactory - Configuring ehcache from InputStream
DEBUG main net.sf.ehcache.config.DiskStoreConfiguration - Disk Store Path: /tmp
DEBUG main net.sf.ehcache.config.ConfigurationHelper - No CacheManagerEventListenerFactory class specified. Skipping...
DEBUG main net.sf.ehcache.config.ConfigurationHelper - No CachePeerListenerFactoryConfiguration specified. Not configuring a CacheManagerPeerListener.
DEBUG main net.sf.ehcache.config.ConfigurationHelper - No CachePeerProviderFactoryConfiguration specified. Not configuring a CacheManagerPeerProvider.
DEBUG main net.sf.ehcache.config.ConfigurationHelper - No BootstrapCacheLoaderFactory class specified. Skipping...
DEBUG main net.sf.ehcache.config.ConfigurationHelper - No BootstrapCacheLoaderFactory class specified. Skipping...
DEBUG main net.sf.ehcache.config.ConfigurationHelper - No BootstrapCacheLoaderFactory class specified. Skipping...
DEBUG main net.sf.ehcache.config.ConfigurationHelper - No BootstrapCacheLoaderFactory class specified. Skipping...
DEBUG main net.sf.ehcache.config.ConfigurationHelper - No BootstrapCacheLoaderFactory class specified. Skipping...
DEBUG main net.sf.ehcache.config.ConfigurationHelper - No BootstrapCacheLoaderFactory class specified. Skipping...
DEBUG main net.sf.ehcache.config.ConfigurationHelper - No BootstrapCacheLoaderFactory class specified. Skipping...
DEBUG main net.sf.ehcache.config.ConfigurationHelper - No BootstrapCacheLoaderFactory class specified. Skipping...
DEBUG main net.sf.ehcache.config.ConfigurationHelper - No BootstrapCacheLoaderFactory class specified. Skipping...
DEBUG main net.sf.ehcache.config.ConfigurationHelper - No BootstrapCacheLoaderFactory class specified. Skipping...
DEBUG main net.sf.ehcache.config.ConfigurationHelper - No BootstrapCacheLoaderFactory class specified. Skipping...
DEBUG main net.sf.ehcache.config.ConfigurationHelper - No BootstrapCacheLoaderFactory class specified. Skipping...
DEBUG main net.sf.ehcache.config.ConfigurationHelper - No BootstrapCacheLoaderFactory class specified. Skipping...
DEBUG main net.sf.ehcache.config.ConfigurationHelper - No BootstrapCacheLoaderFactory class specified. Skipping...
DEBUG main net.sf.ehcache.config.ConfigurationHelper - No BootstrapCacheLoaderFactory class specified. Skipping...
DEBUG main net.sf.ehcache.config.ConfigurationHelper - No BootstrapCacheLoaderFactory class specified. Skipping...
DEBUG main net.sf.ehcache.config.ConfigurationHelper - No BootstrapCacheLoaderFactory class specified. Skipping...
DEBUG main net.sf.ehcache.config.ConfigurationHelper - No BootstrapCacheLoaderFactory class specified. Skipping...
DEBUG main net.sf.ehcache.config.ConfigurationHelper - No BootstrapCacheLoaderFactory class specified. Skipping...
DEBUG main net.sf.ehcache.config.ConfigurationHelper - No BootstrapCacheLoaderFactory class specified. Skipping...
DEBUG main net.sf.ehcache.config.ConfigurationHelper - No BootstrapCacheLoaderFactory class specified. Skipping...
DEBUG main net.sf.ehcache.config.ConfigurationHelper - No BootstrapCacheLoaderFactory class specified. Skipping...
DEBUG main net.sf.ehcache.config.ConfigurationHelper - No BootstrapCacheLoaderFactory class specified. Skipping...
DEBUG main net.sf.ehcache.config.ConfigurationHelper - No BootstrapCacheLoaderFactory class specified. Skipping...
DEBUG main net.sf.ehcache.config.ConfigurationHelper - No BootstrapCacheLoaderFactory class specified. Skipping...
DEBUG main net.sf.ehcache.config.ConfigurationHelper - No BootstrapCacheLoaderFactory class specified. Skipping...
DEBUG main net.sf.ehcache.config.ConfigurationHelper - No BootstrapCacheLoaderFactory class specified. Skipping...
DEBUG main net.sf.ehcache.config.ConfigurationHelper - No BootstrapCacheLoaderFactory class specified. Skipping...
DEBUG main net.sf.ehcache.config.ConfigurationHelper - No BootstrapCacheLoaderFactory class specified. Skipping...
DEBUG main net.sf.ehcache.config.ConfigurationHelper - No BootstrapCacheLoaderFactory class specified. Skipping...
DEBUG main net.sf.ehcache.config.ConfigurationHelper - No BootstrapCacheLoaderFactory class specified. Skipping...
DEBUG main net.sf.ehcache.config.ConfigurationHelper - No BootstrapCacheLoaderFactory class specified. Skipping...
DEBUG main net.sf.ehcache.config.ConfigurationHelper - No BootstrapCacheLoaderFactory class specified. Skipping...
DEBUG main net.sf.ehcache.config.ConfigurationHelper - No BootstrapCacheLoaderFactory class specified. Skipping...
DEBUG main net.sf.ehcache.config.ConfigurationHelper - No BootstrapCacheLoaderFactory class specified. Skipping...
DEBUG main net.sf.ehcache.config.ConfigurationHelper - No BootstrapCacheLoaderFactory class specified. Skipping...
DEBUG main net.sf.ehcache.config.ConfigurationHelper - No BootstrapCacheLoaderFactory class specified. Skipping...
DEBUG main net.sf.ehcache.config.ConfigurationHelper - No BootstrapCacheLoaderFactory class specified. Skipping...
DEBUG main net.sf.ehcache.config.ConfigurationHelper - No BootstrapCacheLoaderFactory class specified. Skipping...
DEBUG main net.sf.ehcache.config.ConfigurationHelper - No BootstrapCacheLoaderFactory class specified. Skipping...
DEBUG main net.sf.ehcache.config.ConfigurationHelper - No BootstrapCacheLoaderFactory class specified. Skipping...
DEBUG main net.sf.ehcache.config.ConfigurationHelper - No BootstrapCacheLoaderFactory class specified. Skipping...
DEBUG main net.sf.ehcache.config.ConfigurationHelper - No BootstrapCacheLoaderFactory class specified. Skipping...
DEBUG main net.sf.ehcache.config.ConfigurationHelper - No BootstrapCacheLoaderFactory class specified. Skipping...
DEBUG main net.sf.ehcache.config.ConfigurationHelper - No BootstrapCacheLoaderFactory class specified. Skipping...
DEBUG main net.sf.ehcache.config.ConfigurationHelper - No BootstrapCacheLoaderFactory class specified. Skipping...
DEBUG main net.sf.ehcache.config.ConfigurationHelper - No BootstrapCacheLoaderFactory class specified. Skipping...
DEBUG main net.sf.ehcache.config.ConfigurationHelper - No BootstrapCacheLoaderFactory class specified. Skipping...
DEBUG main net.sf.ehcache.config.ConfigurationHelper - No BootstrapCacheLoaderFactory class specified. Skipping...
DEBUG main net.sf.ehcache.config.ConfigurationHelper - No BootstrapCacheLoaderFactory class specified. Skipping...
DEBUG main net.sf.ehcache.config.ConfigurationHelper - No BootstrapCacheLoaderFactory class specified. Skipping...
DEBUG main net.sf.ehcache.config.ConfigurationHelper - No BootstrapCacheLoaderFactory class specified. Skipping...
DEBUG main net.sf.ehcache.config.ConfigurationHelper - No BootstrapCacheLoaderFactory class specified. Skipping...
DEBUG main net.sf.ehcache.config.ConfigurationHelper - No BootstrapCacheLoaderFactory class specified. Skipping...
DEBUG main net.sf.ehcache.store.MemoryStore - Initialized net.sf.ehcache.store.LruMemoryStore for edu.internet2.middleware.grouper.Group
DEBUG main net.sf.ehcache.store.LruMemoryStore - edu.internet2.middleware.grouper.Group Cache: Using SpoolingLinkedHashMap implementation
DEBUG main net.sf.ehcache.Cache - Initialised cache: edu.internet2.middleware.grouper.Group
DEBUG main net.sf.ehcache.store.MemoryStore - Initialized net.sf.ehcache.store.LruMemoryStore for edu.internet2.middleware.grouper.Attribute
DEBUG main net.sf.ehcache.store.LruMemoryStore - edu.internet2.middleware.grouper.Attribute Cache: Using SpoolingLinkedHashMap implementation
DEBUG main net.sf.ehcache.Cache - Initialised cache: edu.internet2.middleware.grouper.Attribute
DEBUG main net.sf.ehcache.store.MemoryStore - Initialized net.sf.ehcache.store.LruMemoryStore for edu.internet2.middleware.grouper.GroupFinder.FindByCreatedBefore
DEBUG main net.sf.ehcache.store.LruMemoryStore - edu.internet2.middleware.grouper.GroupFinder.FindByCreatedBefore Cache: Using SpoolingLinkedHashMap implementation
DEBUG main net.sf.ehcache.Cache - Initialised cache: edu.internet2.middleware.grouper.GroupFinder.FindByCreatedBefore
DEBUG main net.sf.ehcache.store.MemoryStore - Initialized net.sf.ehcache.store.LruMemoryStore for edu.internet2.middleware.grouper.StemFinder.FindByCreatedBefore
DEBUG main net.sf.ehcache.store.LruMemoryStore - edu.internet2.middleware.grouper.StemFinder.FindByCreatedBefore Cache: Using SpoolingLinkedHashMap implementation
DEBUG main net.sf.ehcache.Cache - Initialised cache: edu.internet2.middleware.grouper.StemFinder.FindByCreatedBefore
DEBUG main net.sf.ehcache.store.MemoryStore - Initialized net.sf.ehcache.store.LruMemoryStore for edu.internet2.middleware.grouper.MembershipFinder.FindChildMemberships
DEBUG main net.sf.ehcache.store.LruMemoryStore - edu.internet2.middleware.grouper.MembershipFinder.FindChildMemberships Cache: Using SpoolingLinkedHashMap implementation
DEBUG main net.sf.ehcache.Cache - Initialised cache: edu.internet2.middleware.grouper.MembershipFinder.FindChildMemberships
DEBUG main net.sf.ehcache.store.MemoryStore - Initialized net.sf.ehcache.store.LruMemoryStore for edu.internet2.middleware.grouper.GroupType
DEBUG main net.sf.ehcache.store.LruMemoryStore - edu.internet2.middleware.grouper.GroupType Cache: Using SpoolingLinkedHashMap implementation
DEBUG main net.sf.ehcache.Cache - Initialised cache: edu.internet2.middleware.grouper.GroupType
DEBUG main net.sf.ehcache.store.MemoryStore - Initialized net.sf.ehcache.store.LruMemoryStore for edu.internet2.middleware.grouper.MembershipFinder.FindEffectiveMemberships
DEBUG main net.sf.ehcache.store.LruMemoryStore - edu.internet2.middleware.grouper.MembershipFinder.FindEffectiveMemberships Cache: Using SpoolingLinkedHashMap implementation
DEBUG main net.sf.ehcache.Cache - Initialised cache: edu.internet2.middleware.grouper.MembershipFinder.FindEffectiveMemberships
DEBUG main net.sf.ehcache.store.MemoryStore - Initialized net.sf.ehcache.store.LruMemoryStore for edu.internet2.middleware.grouper.StemFinder.FindByApproximateName
DEBUG main net.sf.ehcache.store.LruMemoryStore - edu.internet2.middleware.grouper.StemFinder.FindByApproximateName Cache: Using SpoolingLinkedHashMap implementation
DEBUG main net.sf.ehcache.Cache - Initialised cache: edu.internet2.middleware.grouper.StemFinder.FindByApproximateName
DEBUG main net.sf.ehcache.store.MemoryStore - Initialized net.sf.ehcache.store.LruMemoryStore for edu.internet2.middleware.grouper.MembershipFinder.FindMembershipByType
DEBUG main net.sf.ehcache.store.LruMemoryStore - edu.internet2.middleware.grouper.MembershipFinder.FindMembershipByType Cache: Using SpoolingLinkedHashMap implementation
DEBUG main net.sf.ehcache.Cache - Initialised cache: edu.internet2.middleware.grouper.MembershipFinder.FindMembershipByType
DEBUG main net.sf.ehcache.store.MemoryStore - Initialized net.sf.ehcache.store.LruMemoryStore for edu.internet2.middleware.grouper.Member
DEBUG main net.sf.ehcache.store.LruMemoryStore - edu.internet2.middleware.grouper.Member Cache: Using SpoolingLinkedHashMap implementation
DEBUG main net.sf.ehcache.Cache - Initialised cache: edu.internet2.middleware.grouper.Member
DEBUG main net.sf.ehcache.store.MemoryStore - Initialized net.sf.ehcache.store.LruMemoryStore for edu.internet2.middleware.grouper.StemFinder.FindByCreatedAfter
DEBUG main net.sf.ehcache.store.LruMemoryStore - edu.internet2.middleware.grouper.StemFinder.FindByCreatedAfter Cache: Using SpoolingLinkedHashMap implementation
DEBUG main net.sf.ehcache.Cache - Initialised cache: edu.internet2.middleware.grouper.StemFinder.FindByCreatedAfter
DEBUG main net.sf.ehcache.store.MemoryStore - Initialized net.sf.ehcache.store.LruMemoryStore for edu.internet2.middleware.grouper.Membership
DEBUG main net.sf.ehcache.store.LruMemoryStore - edu.internet2.middleware.grouper.Membership Cache: Using SpoolingLinkedHashMap implementation
DEBUG main net.sf.ehcache.Cache - Initialised cache: edu.internet2.middleware.grouper.Membership
DEBUG main net.sf.ehcache.store.MemoryStore - Initialized net.sf.ehcache.store.LruMemoryStore for edu.internet2.middleware.grouper.StemFinder.FindByApproximateDisplayExtension
DEBUG main net.sf.ehcache.store.LruMemoryStore - edu.internet2.middleware.grouper.StemFinder.FindByApproximateDisplayExtension Cache: Using SpoolingLinkedHashMap implementation
DEBUG main net.sf.ehcache.Cache - Initialised cache: edu.internet2.middleware.grouper.StemFinder.FindByApproximateDisplayExtension
DEBUG main net.sf.ehcache.store.MemoryStore - Initialized net.sf.ehcache.store.LruMemoryStore for edu.internet2.middleware.grouper.MembershipFinder.FindByCreatedBefore
DEBUG main net.sf.ehcache.store.LruMemoryStore - edu.internet2.middleware.grouper.MembershipFinder.FindByCreatedBefore Cache: Using SpoolingLinkedHashMap implementation
DEBUG main net.sf.ehcache.Cache - Initialised cache: edu.internet2.middleware.grouper.MembershipFinder.FindByCreatedBefore
DEBUG main net.sf.ehcache.store.MemoryStore - Initialized net.sf.ehcache.store.LruMemoryStore for edu.internet2.middleware.grouper.MembershipFinder.FindByUuid
DEBUG main net.sf.ehcache.store.LruMemoryStore - edu.internet2.middleware.grouper.MembershipFinder.FindByUuid Cache: Using SpoolingLinkedHashMap implementation
DEBUG main net.sf.ehcache.Cache - Initialised cache: edu.internet2.middleware.grouper.MembershipFinder.FindByUuid
DEBUG main net.sf.ehcache.store.MemoryStore - Initialized net.sf.ehcache.store.LruMemoryStore for edu.internet2.middleware.grouper.GroupTypeFinder.FindAll
DEBUG main net.sf.ehcache.store.LruMemoryStore - edu.internet2.middleware.grouper.GroupTypeFinder.FindAll Cache: Using SpoolingLinkedHashMap implementation
DEBUG main net.sf.ehcache.Cache - Initialised cache: edu.internet2.middleware.grouper.GroupTypeFinder.FindAll
DEBUG main net.sf.ehcache.store.MemoryStore - Initialized net.sf.ehcache.store.LruMemoryStore for edu.internet2.middleware.grouper.MembershipFinder.FindMemberships
DEBUG main net.sf.ehcache.store.LruMemoryStore - edu.internet2.middleware.grouper.MembershipFinder.FindMemberships Cache: Using SpoolingLinkedHashMap implementation
DEBUG main net.sf.ehcache.Cache - Initialised cache: edu.internet2.middleware.grouper.MembershipFinder.FindMemberships
DEBUG main net.sf.ehcache.store.MemoryStore - Initialized net.sf.ehcache.store.LruMemoryStore for edu.internet2.middleware.grouper.Field
DEBUG main net.sf.ehcache.store.LruMemoryStore - edu.internet2.middleware.grouper.Field Cache: Using SpoolingLinkedHashMap implementation
DEBUG main net.sf.ehcache.Cache - Initialised cache: edu.internet2.middleware.grouper.Field
DEBUG main net.sf.ehcache.store.MemoryStore - Initialized net.sf.ehcache.store.LruMemoryStore for edu.internet2.middleware.grouper.GroupFinder.FindByAnyApproximateAttr
DEBUG main net.sf.ehcache.store.LruMemoryStore - edu.internet2.middleware.grouper.GroupFinder.FindByAnyApproximateAttr Cache: Using SpoolingLinkedHashMap implementation
DEBUG main net.sf.ehcache.Cache - Initialised cache: edu.internet2.middleware.grouper.GroupFinder.FindByAnyApproximateAttr
DEBUG main net.sf.ehcache.store.MemoryStore - Initialized net.sf.ehcache.store.LruMemoryStore for edu.internet2.middleware.grouper.GroupFinder.FindByUuid
DEBUG main net.sf.ehcache.store.LruMemoryStore - edu.internet2.middleware.grouper.GroupFinder.FindByUuid Cache: Using SpoolingLinkedHashMap implementation
DEBUG main net.sf.ehcache.Cache - Initialised cache: edu.internet2.middleware.grouper.GroupFinder.FindByUuid
DEBUG main net.sf.ehcache.store.MemoryStore - Initialized net.sf.ehcache.store.LruMemoryStore for edu.internet2.middleware.grouper.GroupFinder.FindByApproximateName
DEBUG main net.sf.ehcache.store.LruMemoryStore - edu.internet2.middleware.grouper.GroupFinder.FindByApproximateName Cache: Using SpoolingLinkedHashMap implementation
DEBUG main net.sf.ehcache.Cache - Initialised cache: edu.internet2.middleware.grouper.GroupFinder.FindByApproximateName
DEBUG main net.sf.ehcache.store.MemoryStore - Initialized net.sf.ehcache.store.LruMemoryStore for edu.internet2.middleware.grouper.StemFinder.FindByName
DEBUG main net.sf.ehcache.store.LruMemoryStore - edu.internet2.middleware.grouper.StemFinder.FindByName Cache: Using SpoolingLinkedHashMap implementation
DEBUG main net.sf.ehcache.Cache - Initialised cache: edu.internet2.middleware.grouper.StemFinder.FindByName
DEBUG main net.sf.ehcache.store.MemoryStore - Initialized net.sf.ehcache.store.LruMemoryStore for edu.internet2.middleware.grouper.MembershipFinder.FindEffectiveMembershipsMember
DEBUG main net.sf.ehcache.store.LruMemoryStore - edu.internet2.middleware.grouper.MembershipFinder.FindEffectiveMembershipsMember Cache: Using SpoolingLinkedHashMap implementation
DEBUG main net.sf.ehcache.Cache - Initialised cache: edu.internet2.middleware.grouper.MembershipFinder.FindEffectiveMembershipsMember
DEBUG main net.sf.ehcache.store.MemoryStore - Initialized net.sf.ehcache.store.LruMemoryStore for edu.internet2.middleware.grouper.MemberFinder.FindBySubject
DEBUG main net.sf.ehcache.store.LruMemoryStore - edu.internet2.middleware.grouper.MemberFinder.FindBySubject Cache: Using SpoolingLinkedHashMap implementation
DEBUG main net.sf.ehcache.Cache - Initialised cache: edu.internet2.middleware.grouper.MemberFinder.FindBySubject
DEBUG main net.sf.ehcache.store.MemoryStore - Initialized net.sf.ehcache.store.LruMemoryStore for edu.internet2.middleware.grouper.MembershipFinder.FindMembershipsByType
DEBUG main net.sf.ehcache.store.LruMemoryStore - edu.internet2.middleware.grouper.MembershipFinder.FindMembershipsByType Cache: Using SpoolingLinkedHashMap implementation
DEBUG main net.sf.ehcache.Cache - Initialised cache: edu.internet2.middleware.grouper.MembershipFinder.FindMembershipsByType
DEBUG main net.sf.ehcache.store.MemoryStore - Initialized net.sf.ehcache.store.LruMemoryStore for edu.internet2.middleware.grouper.HibernateSubjectAttribute
DEBUG main net.sf.ehcache.store.LruMemoryStore - edu.internet2.middleware.grouper.HibernateSubjectAttribute Cache: Using SpoolingLinkedHashMap implementation
DEBUG main net.sf.ehcache.Cache - Initialised cache: edu.internet2.middleware.grouper.HibernateSubjectAttribute
DEBUG main net.sf.ehcache.store.MemoryStore - Initialized net.sf.ehcache.store.LruMemoryStore for net.sf.hibernate.cache.StandardQueryCache
DEBUG main net.sf.ehcache.store.LruMemoryStore - net.sf.hibernate.cache.StandardQueryCache Cache: Using SpoolingLinkedHashMap implementation
DEBUG main net.sf.ehcache.Cache - Initialised cache: net.sf.hibernate.cache.StandardQueryCache
DEBUG main net.sf.ehcache.store.MemoryStore - Initialized net.sf.ehcache.store.LruMemoryStore for edu.internet2.middleware.grouper.MembershipFinder.FindMembershipsOwner
DEBUG main net.sf.ehcache.store.LruMemoryStore - edu.internet2.middleware.grouper.MembershipFinder.FindMembershipsOwner Cache: Using SpoolingLinkedHashMap implementation
DEBUG main net.sf.ehcache.Cache - Initialised cache: edu.internet2.middleware.grouper.MembershipFinder.FindMembershipsOwner
DEBUG main net.sf.ehcache.store.MemoryStore - Initialized net.sf.ehcache.store.LruMemoryStore for edu.internet2.middleware.grouper.StemFinder.FindByApproximateNameAny
DEBUG main net.sf.ehcache.store.LruMemoryStore - edu.internet2.middleware.grouper.StemFinder.FindByApproximateNameAny Cache: Using SpoolingLinkedHashMap implementation
DEBUG main net.sf.ehcache.Cache - Initialised cache: edu.internet2.middleware.grouper.StemFinder.FindByApproximateNameAny
DEBUG main net.sf.ehcache.store.MemoryStore - Initialized net.sf.ehcache.store.LruMemoryStore for edu.internet2.middleware.grouper.MembershipFinder.FindMembershipsOwnerMember
DEBUG main net.sf.ehcache.store.LruMemoryStore - edu.internet2.middleware.grouper.MembershipFinder.FindMembershipsOwnerMember Cache: Using SpoolingLinkedHashMap implementation
DEBUG main net.sf.ehcache.Cache - Initialised cache: edu.internet2.middleware.grouper.MembershipFinder.FindMembershipsOwnerMember
DEBUG main net.sf.ehcache.store.MemoryStore - Initialized net.sf.ehcache.store.LruMemoryStore for edu.internet2.middleware.grouper.GrouperSession
DEBUG main net.sf.ehcache.store.LruMemoryStore - edu.internet2.middleware.grouper.GrouperSession Cache: Using SpoolingLinkedHashMap implementation
DEBUG main net.sf.ehcache.Cache - Initialised cache: edu.internet2.middleware.grouper.GrouperSession
DEBUG main net.sf.ehcache.store.MemoryStore - Initialized net.sf.ehcache.store.LruMemoryStore for edu.internet2.middleware.grouper.GroupFinder.FindByName
DEBUG main net.sf.ehcache.store.LruMemoryStore - edu.internet2.middleware.grouper.GroupFinder.FindByName Cache: Using SpoolingLinkedHashMap implementation
DEBUG main net.sf.ehcache.Cache - Initialised cache: edu.internet2.middleware.grouper.GroupFinder.FindByName
DEBUG main net.sf.ehcache.store.MemoryStore - Initialized net.sf.ehcache.store.LruMemoryStore for edu.internet2.middleware.grouper.StemFinder.FindByApproximateExtension
DEBUG main net.sf.ehcache.store.LruMemoryStore - edu.internet2.middleware.grouper.StemFinder.FindByApproximateExtension Cache: Using SpoolingLinkedHashMap implementation
DEBUG main net.sf.ehcache.Cache - Initialised cache: edu.internet2.middleware.grouper.StemFinder.FindByApproximateExtension
DEBUG main net.sf.ehcache.store.MemoryStore - Initialized net.sf.ehcache.store.LruMemoryStore for edu.internet2.middleware.grouper.CompositeFinder.IsOwner
DEBUG main net.sf.ehcache.store.LruMemoryStore - edu.internet2.middleware.grouper.CompositeFinder.IsOwner Cache: Using SpoolingLinkedHashMap implementation
DEBUG main net.sf.ehcache.Cache - Initialised cache: edu.internet2.middleware.grouper.CompositeFinder.IsOwner
DEBUG main net.sf.ehcache.store.MemoryStore - Initialized net.sf.ehcache.store.LruMemoryStore for edu.internet2.middleware.grouper.Stem
DEBUG main net.sf.ehcache.store.LruMemoryStore - edu.internet2.middleware.grouper.Stem Cache: Using SpoolingLinkedHashMap implementation
DEBUG main net.sf.ehcache.Cache - Initialised cache: edu.internet2.middleware.grouper.Stem
DEBUG main net.sf.ehcache.store.DiskStore - Deleting data file net.sf.hibernate.cache.UpdateTimestampsCache.data
DEBUG main net.sf.ehcache.store.MemoryStore - Initialized net.sf.ehcache.store.LruMemoryStore for net.sf.hibernate.cache.UpdateTimestampsCache
DEBUG main net.sf.ehcache.store.LruMemoryStore - net.sf.hibernate.cache.UpdateTimestampsCache Cache: Using SpoolingLinkedHashMap implementation
DEBUG main net.sf.ehcache.Cache - Initialised cache: net.sf.hibernate.cache.UpdateTimestampsCache
DEBUG main net.sf.ehcache.store.MemoryStore - Initialized net.sf.ehcache.store.LruMemoryStore for edu.internet2.middleware.grouper.MembershipFinder.FindAllMemberships
DEBUG main net.sf.ehcache.store.LruMemoryStore - edu.internet2.middleware.grouper.MembershipFinder.FindAllMemberships Cache: Using SpoolingLinkedHashMap implementation
DEBUG main net.sf.ehcache.Cache - Initialised cache: edu.internet2.middleware.grouper.MembershipFinder.FindAllMemberships
DEBUG main net.sf.ehcache.store.MemoryStore - Initialized net.sf.ehcache.store.LruMemoryStore for edu.internet2.middleware.grouper.Factor
DEBUG main net.sf.ehcache.store.LruMemoryStore - edu.internet2.middleware.grouper.Factor Cache: Using SpoolingLinkedHashMap implementation
DEBUG main net.sf.ehcache.Cache - Initialised cache: edu.internet2.middleware.grouper.Factor
DEBUG main net.sf.ehcache.store.MemoryStore - Initialized net.sf.ehcache.store.LruMemoryStore for edu.internet2.middleware.grouper.StemFinder.FindByUuid
DEBUG main net.sf.ehcache.store.LruMemoryStore - edu.internet2.middleware.grouper.StemFinder.FindByUuid Cache: Using SpoolingLinkedHashMap implementation
DEBUG main net.sf.ehcache.Cache - Initialised cache: edu.internet2.middleware.grouper.StemFinder.FindByUuid
DEBUG main net.sf.ehcache.store.MemoryStore - Initialized net.sf.ehcache.store.LruMemoryStore for edu.internet2.middleware.grouper.StemFinder.FindByApproximateDisplayName
DEBUG main net.sf.ehcache.store.LruMemoryStore - edu.internet2.middleware.grouper.StemFinder.FindByApproximateDisplayName Cache: Using SpoolingLinkedHashMap implementation
DEBUG main net.sf.ehcache.Cache - Initialised cache: edu.internet2.middleware.grouper.StemFinder.FindByApproximateDisplayName
DEBUG main net.sf.ehcache.store.MemoryStore - Initialized net.sf.ehcache.store.LruMemoryStore for edu.internet2.middleware.grouper.FieldFinder.FindAll
DEBUG main net.sf.ehcache.store.LruMemoryStore - edu.internet2.middleware.grouper.FieldFinder.FindAll Cache: Using SpoolingLinkedHashMap implementation
DEBUG main net.sf.ehcache.Cache - Initialised cache: edu.internet2.middleware.grouper.FieldFinder.FindAll
DEBUG main net.sf.ehcache.store.MemoryStore - Initialized net.sf.ehcache.store.LruMemoryStore for edu.internet2.middleware.grouper.MembershipFinder.FindEffectiveMembershipsOwnerMember
DEBUG main net.sf.ehcache.store.LruMemoryStore - edu.internet2.middleware.grouper.MembershipFinder.FindEffectiveMembershipsOwnerMember Cache: Using SpoolingLinkedHashMap implementation
DEBUG main net.sf.ehcache.Cache - Initialised cache: edu.internet2.middleware.grouper.MembershipFinder.FindEffectiveMembershipsOwnerMember
DEBUG main net.sf.ehcache.store.MemoryStore - Initialized net.sf.ehcache.store.LruMemoryStore for edu.internet2.middleware.grouper.GroupFinder.FindByModifiedBefore
DEBUG main net.sf.ehcache.store.LruMemoryStore - edu.internet2.middleware.grouper.GroupFinder.FindByModifiedBefore Cache: Using SpoolingLinkedHashMap implementation
DEBUG main net.sf.ehcache.Cache - Initialised cache: edu.internet2.middleware.grouper.GroupFinder.FindByModifiedBefore
DEBUG main net.sf.ehcache.store.MemoryStore - Initialized net.sf.ehcache.store.LruMemoryStore for edu.internet2.middleware.grouper.MembershipFinder.FindByCreatedAfter
DEBUG main net.sf.ehcache.store.LruMemoryStore - edu.internet2.middleware.grouper.MembershipFinder.FindByCreatedAfter Cache: Using SpoolingLinkedHashMap implementation
DEBUG main net.sf.ehcache.Cache - Initialised cache: edu.internet2.middleware.grouper.MembershipFinder.FindByCreatedAfter
DEBUG main net.sf.ehcache.store.MemoryStore - Initialized net.sf.ehcache.store.LruMemoryStore for edu.internet2.middleware.grouper.GroupFinder.FindByApproximateAttr
DEBUG main net.sf.ehcache.store.LruMemoryStore - edu.internet2.middleware.grouper.GroupFinder.FindByApproximateAttr Cache: Using SpoolingLinkedHashMap implementation
DEBUG main net.sf.ehcache.Cache - Initialised cache: edu.internet2.middleware.grouper.GroupFinder.FindByApproximateAttr
DEBUG main net.sf.ehcache.store.MemoryStore - Initialized net.sf.ehcache.store.LruMemoryStore for edu.internet2.middleware.grouper.HibernateSubject
DEBUG main net.sf.ehcache.store.LruMemoryStore - edu.internet2.middleware.grouper.HibernateSubject Cache: Using SpoolingLinkedHashMap implementation
DEBUG main net.sf.ehcache.Cache - Initialised cache: edu.internet2.middleware.grouper.HibernateSubject
DEBUG main net.sf.ehcache.store.MemoryStore - Initialized net.sf.ehcache.store.LruMemoryStore for edu.internet2.middleware.grouper.CompositeFinder.IsFactor
DEBUG main net.sf.ehcache.store.LruMemoryStore - edu.internet2.middleware.grouper.CompositeFinder.IsFactor Cache: Using SpoolingLinkedHashMap implementation
DEBUG main net.sf.ehcache.Cache - Initialised cache: edu.internet2.middleware.grouper.CompositeFinder.IsFactor
DEBUG main net.sf.ehcache.store.MemoryStore - Initialized net.sf.ehcache.store.LruMemoryStore for edu.internet2.middleware.grouper.GroupFinder.FindByModifiedAfter
DEBUG main net.sf.ehcache.store.LruMemoryStore - edu.internet2.middleware.grouper.GroupFinder.FindByModifiedAfter Cache: Using SpoolingLinkedHashMap implementation
DEBUG main net.sf.ehcache.Cache - Initialised cache: edu.internet2.middleware.grouper.GroupFinder.FindByModifiedAfter
DEBUG main net.sf.ehcache.store.MemoryStore - Initialized net.sf.ehcache.store.LruMemoryStore for edu.internet2.middleware.grouper.MembershipFinder.FindImmediateMembershipsMember
DEBUG main net.sf.ehcache.store.LruMemoryStore - edu.internet2.middleware.grouper.MembershipFinder.FindImmediateMembershipsMember Cache: Using SpoolingLinkedHashMap implementation
DEBUG main net.sf.ehcache.Cache - Initialised cache: edu.internet2.middleware.grouper.MembershipFinder.FindImmediateMembershipsMember
DEBUG main net.sf.ehcache.store.MemoryStore - Initialized net.sf.ehcache.store.LruMemoryStore for edu.internet2.middleware.grouper.GroupFinder.FindByCreatedAfter
DEBUG main net.sf.ehcache.store.LruMemoryStore - edu.internet2.middleware.grouper.GroupFinder.FindByCreatedAfter Cache: Using SpoolingLinkedHashMap implementation
DEBUG main net.sf.ehcache.Cache - Initialised cache: edu.internet2.middleware.grouper.GroupFinder.FindByCreatedAfter
DEBUG main net.sf.ehcache.store.MemoryStore - Initialized net.sf.ehcache.store.LruMemoryStore for edu.internet2.middleware.grouper.MemberFinder.FindByUuid
DEBUG main net.sf.ehcache.store.LruMemoryStore - edu.internet2.middleware.grouper.MemberFinder.FindByUuid Cache: Using SpoolingLinkedHashMap implementation
DEBUG main net.sf.ehcache.Cache - Initialised cache: edu.internet2.middleware.grouper.MemberFinder.FindByUuid
DEBUG main net.sf.ehcache.store.MemoryStore - Initialized net.sf.ehcache.store.LruMemoryStore for edu.internet2.middleware.grouper.FieldFinder.FindAllByType
DEBUG main net.sf.ehcache.store.LruMemoryStore - edu.internet2.middleware.grouper.FieldFinder.FindAllByType Cache: Using SpoolingLinkedHashMap implementation
DEBUG main net.sf.ehcache.Cache - Initialised cache: edu.internet2.middleware.grouper.FieldFinder.FindAllByType
DEBUG main net.sf.ehcache.store.MemoryStore - Initialized net.sf.ehcache.store.LruMemoryStore for edu.internet2.middleware.grouper.MembershipFinder.FindImmediateMembershipsOwner
DEBUG main net.sf.ehcache.store.LruMemoryStore - edu.internet2.middleware.grouper.MembershipFinder.FindImmediateMembershipsOwner Cache: Using SpoolingLinkedHashMap implementation
DEBUG main net.sf.ehcache.Cache - Initialised cache: edu.internet2.middleware.grouper.MembershipFinder.FindImmediateMembershipsOwner
DEBUG main net.sf.ehcache.store.DiskStore - Deleting data file 926.6601837021312.data
DEBUG main net.sf.ehcache.store.MemoryStore - Initialized net.sf.ehcache.store.LruMemoryStore for 926.6601837021312
DEBUG main net.sf.ehcache.store.LruMemoryStore - 926.6601837021312 Cache: Using SpoolingLinkedHashMap implementation
DEBUG main net.sf.ehcache.Cache - Initialised cache: 926.6601837021312
DEBUG main net.sf.ehcache.store.DiskStore - Deleting data file 578.6258075488015.data
DEBUG main net.sf.ehcache.store.MemoryStore - Initialized net.sf.ehcache.store.LruMemoryStore for 578.6258075488015
DEBUG main net.sf.ehcache.store.LruMemoryStore - 578.6258075488015 Cache: Using SpoolingLinkedHashMap implementation
DEBUG main net.sf.ehcache.Cache - Initialised cache: 578.6258075488015
DEBUG main org.siberia.utilities.io.IOUtilities - copy from stream java.io.FileInputStream@10aa282 to /mnt/projects/test_repository/siberia/siberia-actions/0.0.1/siberia-actions-0.0.1.sbp with buffer (524288)
DEBUG main org.siberia.utilities.io.IOUtilities - bytes available : 14239
ERROR main org.siberia.utilities.cache.GenericCache2 - resource 'ehcache.xml' could not be found
DEBUG main net.sf.ehcache.CacheManager - Creating new CacheManager with default config
DEBUG main net.sf.ehcache.CacheManager - Configuring ehcache from classpath.
DEBUG main net.sf.ehcache.config.ConfigurationFactory - Configuring ehcache from ehcache.xml found in the classpath: jar:file:/mnt/projects/.m2/repository/org/siberia/siberia-utilities/0.0.1/siberia-utilities-0.0.1.jar!/ehcache.xml
DEBUG main net.sf.ehcache.config.ConfigurationFactory - Configuring ehcache from URL: jar:file:/mnt/projects/.m2/repository/org/siberia/siberia-utilities/0.0.1/siberia-utilities-0.0.1.jar!/ehcache.xml
DEBUG main net.sf.ehcache.config.ConfigurationFactory - Configuring ehcache from InputStream
DEBUG main net.sf.ehcache.config.DiskStoreConfiguration - Disk Store Path: /tmp
DEBUG main net.sf.ehcache.config.ConfigurationHelper - No CacheManagerEventListenerFactory class specified. Skipping...
DEBUG main net.sf.ehcache.config.ConfigurationHelper - No CachePeerListenerFactoryConfiguration specified. Not configuring a CacheManagerPeerListener.
DEBUG main net.sf.ehcache.config.ConfigurationHelper - No CachePeerProviderFactoryConfiguration specified. Not configuring a CacheManagerPeerProvider.
DEBUG main net.sf.ehcache.config.ConfigurationHelper - No BootstrapCacheLoaderFactory class specified. Skipping...
DEBUG main net.sf.ehcache.config.ConfigurationHelper - No BootstrapCacheLoaderFactory class specified. Skipping...
DEBUG main net.sf.ehcache.config.ConfigurationHelper - No BootstrapCacheLoaderFactory class specified. Skipping...
DEBUG main net.sf.ehcache.config.ConfigurationHelper - No BootstrapCacheLoaderFactory class specified. Skipping...
DEBUG main net.sf.ehcache.config.ConfigurationHelper - No BootstrapCacheLoaderFactory class specified. Skipping...
DEBUG main net.sf.ehcache.config.ConfigurationHelper - No BootstrapCacheLoaderFactory class specified. Skipping...
DEBUG main net.sf.ehcache.config.ConfigurationHelper - No BootstrapCacheLoaderFactory class specified. Skipping...
DEBUG main net.sf.ehcache.config.ConfigurationHelper - No BootstrapCacheLoaderFactory class specified. Skipping...
DEBUG main net.sf.ehcache.config.ConfigurationHelper - No BootstrapCacheLoaderFactory class specified. Skipping...
DEBUG main net.sf.ehcache.config.ConfigurationHelper - No BootstrapCacheLoaderFactory class specified. Skipping...
DEBUG main net.sf.ehcache.config.ConfigurationHelper - No BootstrapCacheLoaderFactory class specified. Skipping...
DEBUG main net.sf.ehcache.config.ConfigurationHelper - No BootstrapCacheLoaderFactory class specified. Skipping...
DEBUG main net.sf.ehcache.config.ConfigurationHelper - No BootstrapCacheLoaderFactory class specified. Skipping...
DEBUG main net.sf.ehcache.config.ConfigurationHelper - No BootstrapCacheLoaderFactory class specified. Skipping...
DEBUG main net.sf.ehcache.config.ConfigurationHelper - No BootstrapCacheLoaderFactory class specified. Skipping...
DEBUG main net.sf.ehcache.config.ConfigurationHelper - No BootstrapCacheLoaderFactory class specified. Skipping...
DEBUG main net.sf.ehcache.config.ConfigurationHelper - No BootstrapCacheLoaderFactory class specified. Skipping...
DEBUG main net.sf.ehcache.config.ConfigurationHelper - No BootstrapCacheLoaderFactory class specified. Skipping...
DEBUG main net.sf.ehcache.config.ConfigurationHelper - No BootstrapCacheLoaderFactory class specified. Skipping...
DEBUG main net.sf.ehcache.config.ConfigurationHelper - No BootstrapCacheLoaderFactory class specified. Skipping...
DEBUG main net.sf.ehcache.config.ConfigurationHelper - No BootstrapCacheLoaderFactory class specified. Skipping...
DEBUG main net.sf.ehcache.config.ConfigurationHelper - No BootstrapCacheLoaderFactory class specified. Skipping...
DEBUG main net.sf.ehcache.config.ConfigurationHelper - No BootstrapCacheLoaderFactory class specified. Skipping...
DEBUG main net.sf.ehcache.config.ConfigurationHelper - No BootstrapCacheLoaderFactory class specified. Skipping...
DEBUG main net.sf.ehcache.config.ConfigurationHelper - No BootstrapCacheLoaderFactory class specified. Skipping...
DEBUG main net.sf.ehcache.config.ConfigurationHelper - No BootstrapCacheLoaderFactory class specified. Skipping...
DEBUG main net.sf.ehcache.config.ConfigurationHelper - No BootstrapCacheLoaderFactory class specified. Skipping...
DEBUG main net.sf.ehcache.config.ConfigurationHelper - No BootstrapCacheLoaderFactory class specified. Skipping...
DEBUG main net.sf.ehcache.config.ConfigurationHelper - No BootstrapCacheLoaderFactory class specified. Skipping...
DEBUG main net.sf.ehcache.config.ConfigurationHelper - No BootstrapCacheLoaderFactory class specified. Skipping...
DEBUG main net.sf.ehcache.config.ConfigurationHelper - No BootstrapCacheLoaderFactory class specified. Skipping...
DEBUG main net.sf.ehcache.config.ConfigurationHelper - No BootstrapCacheLoaderFactory class specified. Skipping...
DEBUG main net.sf.ehcache.config.ConfigurationHelper - No BootstrapCacheLoaderFactory class specified. Skipping...
DEBUG main net.sf.ehcache.config.ConfigurationHelper - No BootstrapCacheLoaderFactory class specified. Skipping...
DEBUG main net.sf.ehcache.config.ConfigurationHelper - No BootstrapCacheLoaderFactory class specified. Skipping...
DEBUG main net.sf.ehcache.config.ConfigurationHelper - No BootstrapCacheLoaderFactory class specified. Skipping...
DEBUG main net.sf.ehcache.config.ConfigurationHelper - No BootstrapCacheLoaderFactory class specified. Skipping...
DEBUG main net.sf.ehcache.config.ConfigurationHelper - No BootstrapCacheLoaderFactory class specified. Skipping...
DEBUG main net.sf.ehcache.config.ConfigurationHelper - No BootstrapCacheLoaderFactory class specified. Skipping...
DEBUG main net.sf.ehcache.config.ConfigurationHelper - No BootstrapCacheLoaderFactory class specified. Skipping...
DEBUG main net.sf.ehcache.config.ConfigurationHelper - No BootstrapCacheLoaderFactory class specified. Skipping...
DEBUG main net.sf.ehcache.config.ConfigurationHelper - No BootstrapCacheLoaderFactory class specified. Skipping...
DEBUG main net.sf.ehcache.config.ConfigurationHelper - No BootstrapCacheLoaderFactory class specified. Skipping...
DEBUG main net.sf.ehcache.config.ConfigurationHelper - No BootstrapCacheLoaderFactory class specified. Skipping...
DEBUG main net.sf.ehcache.config.ConfigurationHelper - No BootstrapCacheLoaderFactory class specified. Skipping...
DEBUG main net.sf.ehcache.config.ConfigurationHelper - No BootstrapCacheLoaderFactory class specified. Skipping...
DEBUG main net.sf.ehcache.config.ConfigurationHelper - No BootstrapCacheLoaderFactory class specified. Skipping...
DEBUG main net.sf.ehcache.config.ConfigurationHelper - No BootstrapCacheLoaderFactory class specified. Skipping...
DEBUG main net.sf.ehcache.config.ConfigurationHelper - No BootstrapCacheLoaderFactory class specified. Skipping...
DEBUG main net.sf.ehcache.config.ConfigurationHelper - No BootstrapCacheLoaderFactory class specified. Skipping...
DEBUG main net.sf.ehcache.config.ConfigurationHelper - No BootstrapCacheLoaderFactory class specified. Skipping...
DEBUG main net.sf.ehcache.config.ConfigurationHelper - No BootstrapCacheLoaderFactory class specified. Skipping...
DEBUG main net.sf.ehcache.config.ConfigurationHelper - No BootstrapCacheLoaderFactory class specified. Skipping...
DEBUG main net.sf.ehcache.config.ConfigurationHelper - No BootstrapCacheLoaderFactory class specified. Skipping...
DEBUG main net.sf.ehcache.store.MemoryStore - Initialized net.sf.ehcache.store.LruMemoryStore for edu.internet2.middleware.grouper.GroupFinder.FindByName
DEBUG main net.sf.ehcache.store.LruMemoryStore - edu.internet2.middleware.grouper.GroupFinder.FindByName Cache: Using SpoolingLinkedHashMap implementation
DEBUG main net.sf.ehcache.Cache - Initialised cache: edu.internet2.middleware.grouper.GroupFinder.FindByName
DEBUG main net.sf.ehcache.store.MemoryStore - Initialized net.sf.ehcache.store.LruMemoryStore for edu.internet2.middleware.grouper.StemFinder.FindByApproximateExtension
DEBUG main net.sf.ehcache.store.LruMemoryStore - edu.internet2.middleware.grouper.StemFinder.FindByApproximateExtension Cache: Using SpoolingLinkedHashMap implementation
DEBUG main net.sf.ehcache.Cache - Initialised cache: edu.internet2.middleware.grouper.StemFinder.FindByApproximateExtension
DEBUG main net.sf.ehcache.store.MemoryStore - Initialized net.sf.ehcache.store.LruMemoryStore for edu.internet2.middleware.grouper.CompositeFinder.IsOwner
DEBUG main net.sf.ehcache.store.LruMemoryStore - edu.internet2.middleware.grouper.CompositeFinder.IsOwner Cache: Using SpoolingLinkedHashMap implementation
DEBUG main net.sf.ehcache.Cache - Initialised cache: edu.internet2.middleware.grouper.CompositeFinder.IsOwner
DEBUG main net.sf.ehcache.store.MemoryStore - Initialized net.sf.ehcache.store.LruMemoryStore for edu.internet2.middleware.grouper.MembershipFinder.FindMembershipsOwnerMember
DEBUG main net.sf.ehcache.store.LruMemoryStore - edu.internet2.middleware.grouper.MembershipFinder.FindMembershipsOwnerMember Cache: Using SpoolingLinkedHashMap implementation
DEBUG main net.sf.ehcache.Cache - Initialised cache: edu.internet2.middleware.grouper.MembershipFinder.FindMembershipsOwnerMember
DEBUG main net.sf.ehcache.store.MemoryStore - Initialized net.sf.ehcache.store.LruMemoryStore for edu.internet2.middleware.grouper.GrouperSession
DEBUG main net.sf.ehcache.store.LruMemoryStore - edu.internet2.middleware.grouper.GrouperSession Cache: Using SpoolingLinkedHashMap implementation
DEBUG main net.sf.ehcache.Cache - Initialised cache: edu.internet2.middleware.grouper.GrouperSession
DEBUG main net.sf.ehcache.store.MemoryStore - Initialized net.sf.ehcache.store.LruMemoryStore for edu.internet2.middleware.grouper.StemFinder.FindByName
DEBUG main net.sf.ehcache.store.LruMemoryStore - edu.internet2.middleware.grouper.StemFinder.FindByName Cache: Using SpoolingLinkedHashMap implementation
DEBUG main net.sf.ehcache.Cache - Initialised cache: edu.internet2.middleware.grouper.StemFinder.FindByName
DEBUG main net.sf.ehcache.store.MemoryStore - Initialized net.sf.ehcache.store.LruMemoryStore for edu.internet2.middleware.grouper.MembershipFinder.FindEffectiveMembershipsMember
DEBUG main net.sf.ehcache.store.LruMemoryStore - edu.internet2.middleware.grouper.MembershipFinder.FindEffectiveMembershipsMember Cache: Using SpoolingLinkedHashMap implementation
DEBUG main net.sf.ehcache.Cache - Initialised cache: edu.internet2.middleware.grouper.MembershipFinder.FindEffectiveMembershipsMember
DEBUG main net.sf.ehcache.store.MemoryStore - Initialized net.sf.ehcache.store.LruMemoryStore for net.sf.hibernate.cache.StandardQueryCache
DEBUG main net.sf.ehcache.store.LruMemoryStore - net.sf.hibernate.cache.StandardQueryCache Cache: Using SpoolingLinkedHashMap implementation
DEBUG main net.sf.ehcache.Cache - Initialised cache: net.sf.hibernate.cache.StandardQueryCache
DEBUG main net.sf.ehcache.store.MemoryStore - Initialized net.sf.ehcache.store.LruMemoryStore for edu.internet2.middleware.grouper.HibernateSubjectAttribute
DEBUG main net.sf.ehcache.store.LruMemoryStore - edu.internet2.middleware.grouper.HibernateSubjectAttribute Cache: Using SpoolingLinkedHashMap implementation
DEBUG main net.sf.ehcache.Cache - Initialised cache: edu.internet2.middleware.grouper.HibernateSubjectAttribute
DEBUG main net.sf.ehcache.store.MemoryStore - Initialized net.sf.ehcache.store.LruMemoryStore for edu.internet2.middleware.grouper.StemFinder.FindByApproximateNameAny
DEBUG main net.sf.ehcache.store.LruMemoryStore - edu.internet2.middleware.grouper.StemFinder.FindByApproximateNameAny Cache: Using SpoolingLinkedHashMap implementation
DEBUG main net.sf.ehcache.Cache - Initialised cache: edu.internet2.middleware.grouper.StemFinder.FindByApproximateNameAny
DEBUG main net.sf.ehcache.store.MemoryStore - Initialized net.sf.ehcache.store.LruMemoryStore for edu.internet2.middleware.grouper.MembershipFinder.FindMembershipsOwner
DEBUG main net.sf.ehcache.store.LruMemoryStore - edu.internet2.middleware.grouper.MembershipFinder.FindMembershipsOwner Cache: Using SpoolingLinkedHashMap implementation
DEBUG main net.sf.ehcache.Cache - Initialised cache: edu.internet2.middleware.grouper.MembershipFinder.FindMembershipsOwner
DEBUG main net.sf.ehcache.store.MemoryStore - Initialized net.sf.ehcache.store.LruMemoryStore for edu.internet2.middleware.grouper.MemberFinder.FindBySubject
DEBUG main net.sf.ehcache.store.LruMemoryStore - edu.internet2.middleware.grouper.MemberFinder.FindBySubject Cache: Using SpoolingLinkedHashMap implementation
DEBUG main net.sf.ehcache.Cache - Initialised cache: edu.internet2.middleware.grouper.MemberFinder.FindBySubject
DEBUG main net.sf.ehcache.store.MemoryStore - Initialized net.sf.ehcache.store.LruMemoryStore for edu.internet2.middleware.grouper.MembershipFinder.FindMembershipsByType
DEBUG main net.sf.ehcache.store.LruMemoryStore - edu.internet2.middleware.grouper.MembershipFinder.FindMembershipsByType Cache: Using SpoolingLinkedHashMap implementation
DEBUG main net.sf.ehcache.Cache - Initialised cache: edu.internet2.middleware.grouper.MembershipFinder.FindMembershipsByType
DEBUG main net.sf.ehcache.store.MemoryStore - Initialized net.sf.ehcache.store.LruMemoryStore for edu.internet2.middleware.grouper.GroupFinder.FindByUuid
DEBUG main net.sf.ehcache.store.LruMemoryStore - edu.internet2.middleware.grouper.GroupFinder.FindByUuid Cache: Using SpoolingLinkedHashMap implementation
DEBUG main net.sf.ehcache.Cache - Initialised cache: edu.internet2.middleware.grouper.GroupFinder.FindByUuid
DEBUG main net.sf.ehcache.store.MemoryStore - Initialized net.sf.ehcache.store.LruMemoryStore for edu.internet2.middleware.grouper.GroupFinder.FindByApproximateName
DEBUG main net.sf.ehcache.store.LruMemoryStore - edu.internet2.middleware.grouper.GroupFinder.FindByApproximateName Cache: Using SpoolingLinkedHashMap implementation
DEBUG main net.sf.ehcache.Cache - Initialised cache: edu.internet2.middleware.grouper.GroupFinder.FindByApproximateName
DEBUG main net.sf.ehcache.store.MemoryStore - Initialized net.sf.ehcache.store.LruMemoryStore for edu.internet2.middleware.grouper.MembershipFinder.FindByCreatedAfter
DEBUG main net.sf.ehcache.store.LruMemoryStore - edu.internet2.middleware.grouper.MembershipFinder.FindByCreatedAfter Cache: Using SpoolingLinkedHashMap implementation
DEBUG main net.sf.ehcache.Cache - Initialised cache: edu.internet2.middleware.grouper.MembershipFinder.FindByCreatedAfter
DEBUG main net.sf.ehcache.store.MemoryStore - Initialized net.sf.ehcache.store.LruMemoryStore for edu.internet2.middleware.grouper.GroupFinder.FindByModifiedBefore
DEBUG main net.sf.ehcache.store.LruMemoryStore - edu.internet2.middleware.grouper.GroupFinder.FindByModifiedBefore Cache: Using SpoolingLinkedHashMap implementation
DEBUG main net.sf.ehcache.Cache - Initialised cache: edu.internet2.middleware.grouper.GroupFinder.FindByModifiedBefore
DEBUG main net.sf.ehcache.store.MemoryStore - Initialized net.sf.ehcache.store.LruMemoryStore for edu.internet2.middleware.grouper.Factor
DEBUG main net.sf.ehcache.store.LruMemoryStore - edu.internet2.middleware.grouper.Factor Cache: Using SpoolingLinkedHashMap implementation
DEBUG main net.sf.ehcache.Cache - Initialised cache: edu.internet2.middleware.grouper.Factor
DEBUG main net.sf.ehcache.store.MemoryStore - Initialized net.sf.ehcache.store.LruMemoryStore for edu.internet2.middleware.grouper.StemFinder.FindByUuid
DEBUG main net.sf.ehcache.store.LruMemoryStore - edu.internet2.middleware.grouper.StemFinder.FindByUuid Cache: Using SpoolingLinkedHashMap implementation
DEBUG main net.sf.ehcache.Cache - Initialised cache: edu.internet2.middleware.grouper.StemFinder.FindByUuid
DEBUG main net.sf.ehcache.store.MemoryStore - Initialized net.sf.ehcache.store.LruMemoryStore for edu.internet2.middleware.grouper.MembershipFinder.FindEffectiveMembershipsOwnerMember
DEBUG main net.sf.ehcache.store.LruMemoryStore - edu.internet2.middleware.grouper.MembershipFinder.FindEffectiveMembershipsOwnerMember Cache: Using SpoolingLinkedHashMap implementation
DEBUG main net.sf.ehcache.Cache - Initialised cache: edu.internet2.middleware.grouper.MembershipFinder.FindEffectiveMembershipsOwnerMember
DEBUG main net.sf.ehcache.store.MemoryStore - Initialized net.sf.ehcache.store.LruMemoryStore for edu.internet2.middleware.grouper.GroupFinder.FindByApproximateAttr
DEBUG main net.sf.ehcache.store.LruMemoryStore - edu.internet2.middleware.grouper.GroupFinder.FindByApproximateAttr Cache: Using SpoolingLinkedHashMap implementation
DEBUG main net.sf.ehcache.Cache - Initialised cache: edu.internet2.middleware.grouper.GroupFinder.FindByApproximateAttr
DEBUG main net.sf.ehcache.store.MemoryStore - Initialized net.sf.ehcache.store.LruMemoryStore for edu.internet2.middleware.grouper.MembershipFinder.FindAllMemberships
DEBUG main net.sf.ehcache.store.LruMemoryStore - edu.internet2.middleware.grouper.MembershipFinder.FindAllMemberships Cache: Using SpoolingLinkedHashMap implementation
DEBUG main net.sf.ehcache.Cache - Initialised cache: edu.internet2.middleware.grouper.MembershipFinder.FindAllMemberships
DEBUG main net.sf.ehcache.store.MemoryStore - Initialized net.sf.ehcache.store.LruMemoryStore for edu.internet2.middleware.grouper.HibernateSubject
DEBUG main net.sf.ehcache.store.LruMemoryStore - edu.internet2.middleware.grouper.HibernateSubject Cache: Using SpoolingLinkedHashMap implementation
DEBUG main net.sf.ehcache.Cache - Initialised cache: edu.internet2.middleware.grouper.HibernateSubject
DEBUG main net.sf.ehcache.store.MemoryStore - Initialized net.sf.ehcache.store.LruMemoryStore for edu.internet2.middleware.grouper.GroupFinder.FindByModifiedAfter
DEBUG main net.sf.ehcache.store.LruMemoryStore - edu.internet2.middleware.grouper.GroupFinder.FindByModifiedAfter Cache: Using SpoolingLinkedHashMap implementation
DEBUG main net.sf.ehcache.Cache - Initialised cache: edu.internet2.middleware.grouper.GroupFinder.FindByModifiedAfter
DEBUG main net.sf.ehcache.store.MemoryStore - Initialized net.sf.ehcache.store.LruMemoryStore for edu.internet2.middleware.grouper.CompositeFinder.IsFactor
DEBUG main net.sf.ehcache.store.LruMemoryStore - edu.internet2.middleware.grouper.CompositeFinder.IsFactor Cache: Using SpoolingLinkedHashMap implementation
DEBUG main net.sf.ehcache.Cache - Initialised cache: edu.internet2.middleware.grouper.CompositeFinder.IsFactor
DEBUG main net.sf.ehcache.store.MemoryStore - Initialized net.sf.ehcache.store.LruMemoryStore for edu.internet2.middleware.grouper.GroupFinder.FindByCreatedAfter
DEBUG main net.sf.ehcache.store.LruMemoryStore - edu.internet2.middleware.grouper.GroupFinder.FindByCreatedAfter Cache: Using SpoolingLinkedHashMap implementation
DEBUG main net.sf.ehcache.Cache - Initialised cache: edu.internet2.middleware.grouper.GroupFinder.FindByCreatedAfter
DEBUG main net.sf.ehcache.store.MemoryStore - Initialized net.sf.ehcache.store.LruMemoryStore for edu.internet2.middleware.grouper.StemFinder.FindByApproximateDisplayName
DEBUG main net.sf.ehcache.store.LruMemoryStore - edu.internet2.middleware.grouper.StemFinder.FindByApproximateDisplayName Cache: Using SpoolingLinkedHashMap implementation
DEBUG main net.sf.ehcache.Cache - Initialised cache: edu.internet2.middleware.grouper.StemFinder.FindByApproximateDisplayName
DEBUG main net.sf.ehcache.store.MemoryStore - Initialized net.sf.ehcache.store.LruMemoryStore for edu.internet2.middleware.grouper.MembershipFinder.FindImmediateMembershipsMember
DEBUG main net.sf.ehcache.store.LruMemoryStore - edu.internet2.middleware.grouper.MembershipFinder.FindImmediateMembershipsMember Cache: Using SpoolingLinkedHashMap implementation
DEBUG main net.sf.ehcache.Cache - Initialised cache: edu.internet2.middleware.grouper.MembershipFinder.FindImmediateMembershipsMember
DEBUG main net.sf.ehcache.store.MemoryStore - Initialized net.sf.ehcache.store.LruMemoryStore for edu.internet2.middleware.grouper.FieldFinder.FindAll
DEBUG main net.sf.ehcache.store.LruMemoryStore - edu.internet2.middleware.grouper.FieldFinder.FindAll Cache: Using SpoolingLinkedHashMap implementation
DEBUG main net.sf.ehcache.Cache - Initialised cache: edu.internet2.middleware.grouper.FieldFinder.FindAll
DEBUG main net.sf.ehcache.store.MemoryStore - Initialized net.sf.ehcache.store.LruMemoryStore for edu.internet2.middleware.grouper.Stem
DEBUG main net.sf.ehcache.store.LruMemoryStore - edu.internet2.middleware.grouper.Stem Cache: Using SpoolingLinkedHashMap implementation
DEBUG main net.sf.ehcache.Cache - Initialised cache: edu.internet2.middleware.grouper.Stem
DEBUG main net.sf.ehcache.store.DiskStore - Deleting data file net.sf.hibernate.cache.UpdateTimestampsCache.data
DEBUG main net.sf.ehcache.store.MemoryStore - Initialized net.sf.ehcache.store.LruMemoryStore for net.sf.hibernate.cache.UpdateTimestampsCache
DEBUG main net.sf.ehcache.store.LruMemoryStore - net.sf.hibernate.cache.UpdateTimestampsCache Cache: Using SpoolingLinkedHashMap implementation
DEBUG main net.sf.ehcache.Cache - Initialised cache: net.sf.hibernate.cache.UpdateTimestampsCache
DEBUG main net.sf.ehcache.store.MemoryStore - Initialized net.sf.ehcache.store.LruMemoryStore for edu.internet2.middleware.grouper.Group
DEBUG main net.sf.ehcache.store.LruMemoryStore - edu.internet2.middleware.grouper.Group Cache: Using SpoolingLinkedHashMap implementation
DEBUG main net.sf.ehcache.Cache - Initialised cache: edu.internet2.middleware.grouper.Group
DEBUG main net.sf.ehcache.store.MemoryStore - Initialized net.sf.ehcache.store.LruMemoryStore for edu.internet2.middleware.grouper.MembershipFinder.FindImmediateMembershipsOwner
DEBUG main net.sf.ehcache.store.LruMemoryStore - edu.internet2.middleware.grouper.MembershipFinder.FindImmediateMembershipsOwner Cache: Using SpoolingLinkedHashMap implementation
DEBUG main net.sf.ehcache.Cache - Initialised cache: edu.internet2.middleware.grouper.MembershipFinder.FindImmediateMembershipsOwner
DEBUG main net.sf.ehcache.store.MemoryStore - Initialized net.sf.ehcache.store.LruMemoryStore for edu.internet2.middleware.grouper.FieldFinder.FindAllByType
DEBUG main net.sf.ehcache.store.LruMemoryStore - edu.internet2.middleware.grouper.FieldFinder.FindAllByType Cache: Using SpoolingLinkedHashMap implementation
DEBUG main net.sf.ehcache.Cache - Initialised cache: edu.internet2.middleware.grouper.FieldFinder.FindAllByType
DEBUG main net.sf.ehcache.store.MemoryStore - Initialized net.sf.ehcache.store.LruMemoryStore for edu.internet2.middleware.grouper.GroupFinder.FindByCreatedBefore
DEBUG main net.sf.ehcache.store.LruMemoryStore - edu.internet2.middleware.grouper.GroupFinder.FindByCreatedBefore Cache: Using SpoolingLinkedHashMap implementation
DEBUG main net.sf.ehcache.Cache - Initialised cache: edu.internet2.middleware.grouper.GroupFinder.FindByCreatedBefore
DEBUG main net.sf.ehcache.store.MemoryStore - Initialized net.sf.ehcache.store.LruMemoryStore for edu.internet2.middleware.grouper.Attribute
DEBUG main net.sf.ehcache.store.LruMemoryStore - edu.internet2.middleware.grouper.Attribute Cache: Using SpoolingLinkedHashMap implementation
DEBUG main net.sf.ehcache.Cache - Initialised cache: edu.internet2.middleware.grouper.Attribute
DEBUG main net.sf.ehcache.store.MemoryStore - Initialized net.sf.ehcache.store.LruMemoryStore for edu.internet2.middleware.grouper.MemberFinder.FindByUuid
DEBUG main net.sf.ehcache.store.LruMemoryStore - edu.internet2.middleware.grouper.MemberFinder.FindByUuid Cache: Using SpoolingLinkedHashMap implementation
DEBUG main net.sf.ehcache.Cache - Initialised cache: edu.internet2.middleware.grouper.MemberFinder.FindByUuid
DEBUG main net.sf.ehcache.store.MemoryStore - Initialized net.sf.ehcache.store.LruMemoryStore for edu.internet2.middleware.grouper.GroupFinder.FindByAnyApproximateAttr
DEBUG main net.sf.ehcache.store.LruMemoryStore - edu.internet2.middleware.grouper.GroupFinder.FindByAnyApproximateAttr Cache: Using SpoolingLinkedHashMap implementation
DEBUG main net.sf.ehcache.Cache - Initialised cache: edu.internet2.middleware.grouper.GroupFinder.FindByAnyApproximateAttr
DEBUG main net.sf.ehcache.store.MemoryStore - Initialized net.sf.ehcache.store.LruMemoryStore for edu.internet2.middleware.grouper.Field
DEBUG main net.sf.ehcache.store.LruMemoryStore - edu.internet2.middleware.grouper.Field Cache: Using SpoolingLinkedHashMap implementation
DEBUG main net.sf.ehcache.Cache - Initialised cache: edu.internet2.middleware.grouper.Field
DEBUG main net.sf.ehcache.store.MemoryStore - Initialized net.sf.ehcache.store.LruMemoryStore for edu.internet2.middleware.grouper.MembershipFinder.FindByCreatedBefore
DEBUG main net.sf.ehcache.store.LruMemoryStore - edu.internet2.middleware.grouper.MembershipFinder.FindByCreatedBefore Cache: Using SpoolingLinkedHashMap implementation
DEBUG main net.sf.ehcache.Cache - Initialised cache: edu.internet2.middleware.grouper.MembershipFinder.FindByCreatedBefore
DEBUG main net.sf.ehcache.store.MemoryStore - Initialized net.sf.ehcache.store.LruMemoryStore for edu.internet2.middleware.grouper.MembershipFinder.FindByUuid
DEBUG main net.sf.ehcache.store.LruMemoryStore - edu.internet2.middleware.grouper.MembershipFinder.FindByUuid Cache: Using SpoolingLinkedHashMap implementation
DEBUG main net.sf.ehcache.Cache - Initialised cache: edu.internet2.middleware.grouper.MembershipFinder.FindByUuid
DEBUG main net.sf.ehcache.store.MemoryStore - Initialized net.sf.ehcache.store.LruMemoryStore for edu.internet2.middleware.grouper.GroupTypeFinder.FindAll
DEBUG main net.sf.ehcache.store.LruMemoryStore - edu.internet2.middleware.grouper.GroupTypeFinder.FindAll Cache: Using SpoolingLinkedHashMap implementation
DEBUG main net.sf.ehcache.Cache - Initialised cache: edu.internet2.middleware.grouper.GroupTypeFinder.FindAll
DEBUG main net.sf.ehcache.store.MemoryStore - Initialized net.sf.ehcache.store.LruMemoryStore for edu.internet2.middleware.grouper.MembershipFinder.FindMemberships
DEBUG main net.sf.ehcache.store.LruMemoryStore - edu.internet2.middleware.grouper.MembershipFinder.FindMemberships Cache: Using SpoolingLinkedHashMap implementation
DEBUG main net.sf.ehcache.Cache - Initialised cache: edu.internet2.middleware.grouper.MembershipFinder.FindMemberships
DEBUG main net.sf.ehcache.store.MemoryStore - Initialized net.sf.ehcache.store.LruMemoryStore for edu.internet2.middleware.grouper.MembershipFinder.FindMembershipByType
DEBUG main net.sf.ehcache.store.LruMemoryStore - edu.internet2.middleware.grouper.MembershipFinder.FindMembershipByType Cache: Using SpoolingLinkedHashMap implementation
DEBUG main net.sf.ehcache.Cache - Initialised cache: edu.internet2.middleware.grouper.MembershipFinder.FindMembershipByType
DEBUG main net.sf.ehcache.store.MemoryStore - Initialized net.sf.ehcache.store.LruMemoryStore for edu.internet2.middleware.grouper.StemFinder.FindByCreatedAfter
DEBUG main net.sf.ehcache.store.LruMemoryStore - edu.internet2.middleware.grouper.StemFinder.FindByCreatedAfter Cache: Using SpoolingLinkedHashMap implementation
DEBUG main net.sf.ehcache.Cache - Initialised cache: edu.internet2.middleware.grouper.StemFinder.FindByCreatedAfter
DEBUG main net.sf.ehcache.store.MemoryStore - Initialized net.sf.ehcache.store.LruMemoryStore for edu.internet2.middleware.grouper.Member
DEBUG main net.sf.ehcache.store.LruMemoryStore - edu.internet2.middleware.grouper.Member Cache: Using SpoolingLinkedHashMap implementation
DEBUG main net.sf.ehcache.Cache - Initialised cache: edu.internet2.middleware.grouper.Member
DEBUG main net.sf.ehcache.store.MemoryStore - Initialized net.sf.ehcache.store.LruMemoryStore for edu.internet2.middleware.grouper.StemFinder.FindByApproximateDisplayExtension
DEBUG main net.sf.ehcache.store.LruMemoryStore - edu.internet2.middleware.grouper.StemFinder.FindByApproximateDisplayExtension Cache: Using SpoolingLinkedHashMap implementation
DEBUG main net.sf.ehcache.Cache - Initialised cache: edu.internet2.middleware.grouper.StemFinder.FindByApproximateDisplayExtension
DEBUG main net.sf.ehcache.store.MemoryStore - Initialized net.sf.ehcache.store.LruMemoryStore for edu.internet2.middleware.grouper.Membership
DEBUG main net.sf.ehcache.store.LruMemoryStore - edu.internet2.middleware.grouper.Membership Cache: Using SpoolingLinkedHashMap implementation
DEBUG main net.sf.ehcache.Cache - Initialised cache: edu.internet2.middleware.grouper.Membership
DEBUG main net.sf.ehcache.store.MemoryStore - Initialized net.sf.ehcache.store.LruMemoryStore for edu.internet2.middleware.grouper.StemFinder.FindByCreatedBefore
DEBUG main net.sf.ehcache.store.LruMemoryStore - edu.internet2.middleware.grouper.StemFinder.FindByCreatedBefore Cache: Using SpoolingLinkedHashMap implementation
DEBUG main net.sf.ehcache.Cache - Initialised cache: edu.internet2.middleware.grouper.StemFinder.FindByCreatedBefore
DEBUG main net.sf.ehcache.store.MemoryStore - Initialized net.sf.ehcache.store.LruMemoryStore for edu.internet2.middleware.grouper.MembershipFinder.FindChildMemberships
DEBUG main net.sf.ehcache.store.LruMemoryStore - edu.internet2.middleware.grouper.MembershipFinder.FindChildMemberships Cache: Using SpoolingLinkedHashMap implementation
DEBUG main net.sf.ehcache.Cache - Initialised cache: edu.internet2.middleware.grouper.MembershipFinder.FindChildMemberships
DEBUG main net.sf.ehcache.store.MemoryStore - Initialized net.sf.ehcache.store.LruMemoryStore for edu.internet2.middleware.grouper.GroupType
DEBUG main net.sf.ehcache.store.LruMemoryStore - edu.internet2.middleware.grouper.GroupType Cache: Using SpoolingLinkedHashMap implementation
DEBUG main net.sf.ehcache.Cache - Initialised cache: edu.internet2.middleware.grouper.GroupType
DEBUG main net.sf.ehcache.store.MemoryStore - Initialized net.sf.ehcache.store.LruMemoryStore for edu.internet2.middleware.grouper.MembershipFinder.FindEffectiveMemberships
DEBUG main net.sf.ehcache.store.LruMemoryStore - edu.internet2.middleware.grouper.MembershipFinder.FindEffectiveMemberships Cache: Using SpoolingLinkedHashMap implementation
DEBUG main net.sf.ehcache.Cache - Initialised cache: edu.internet2.middleware.grouper.MembershipFinder.FindEffectiveMemberships
DEBUG main net.sf.ehcache.store.MemoryStore - Initialized net.sf.ehcache.store.LruMemoryStore for edu.internet2.middleware.grouper.StemFinder.FindByApproximateName
DEBUG main net.sf.ehcache.store.LruMemoryStore - edu.internet2.middleware.grouper.StemFinder.FindByApproximateName Cache: Using SpoolingLinkedHashMap implementation
DEBUG main net.sf.ehcache.Cache - Initialised cache: edu.internet2.middleware.grouper.StemFinder.FindByApproximateName
DEBUG main net.sf.ehcache.store.DiskStore - Deleting data file 45.987823619323855.data
DEBUG main net.sf.ehcache.store.MemoryStore - Initialized net.sf.ehcache.store.LruMemoryStore for 45.987823619323855
DEBUG main net.sf.ehcache.store.LruMemoryStore - 45.987823619323855 Cache: Using SpoolingLinkedHashMap implementation
DEBUG main net.sf.ehcache.Cache - Initialised cache: 45.987823619323855
DEBUG main net.sf.ehcache.store.DiskStore - Deleting data file 685.8985743272528.data
DEBUG main net.sf.ehcache.store.MemoryStore - Initialized net.sf.ehcache.store.LruMemoryStore for 685.8985743272528
DEBUG main net.sf.ehcache.store.LruMemoryStore - 685.8985743272528 Cache: Using SpoolingLinkedHashMap implementation
DEBUG main net.sf.ehcache.Cache - Initialised cache: 685.8985743272528
